

Microchip MPLAB XC8 Assembler V2.46 build 20240104201356 
                                                                                               Tue Aug 20 18:09:21 2024

Microchip MPLAB XC8 C Compiler v2.46 (Free license) build 20240104201356 Og1 
     1                           	processor	18F4580
     2                           	fnconf	rparam,??,?,0
     3                           	pagewidth 120
     4                           	opt	flic
     5                           	psect	cinit,global,reloc=2,class=CODE,delta=1
     6                           	psect	cstackCOMRAM,global,class=COMRAM,space=1,delta=1,lowdata,noexec
     7                           	psect	text0,global,reloc=2,class=CODE,delta=1
     8                           	psect	smallconst,global,reloc=2,class=SMALLCONST,delta=1,noexec
     9                           	psect	intsave_regs,global,class=BIGRAM,space=1,delta=1,noexec
    10                           	psect	rparam,global,class=COMRAM,space=1,delta=1,noexec
    11   000000                     
    12                           ; Generated 17/10/2023 GMT
    13                           ; 
    14                           ; Copyright © 2023, Microchip Technology Inc. and its subsidiaries ("Microchip")
    15                           ; All rights reserved.
    16                           ; 
    17                           ; This software is developed by Microchip Technology Inc. and its subsidiaries ("Microch
      +                          ip").
    18                           ; 
    19                           ; Redistribution and use in source and binary forms, with or without modification, are
    20                           ; permitted provided that the following conditions are met:
    21                           ; 
    22                           ;     1. Redistributions of source code must retain the above copyright notice, this lis
      +                          t of
    23                           ;        conditions and the following disclaimer.
    24                           ; 
    25                           ;     2. Redistributions in binary form must reproduce the above copyright notice, this 
      +                          list
    26                           ;        of conditions and the following disclaimer in the documentation and/or other
    27                           ;        materials provided with the distribution. Publication is not required when
    28                           ;        this file is used in an embedded application.
    29                           ; 
    30                           ;     3. Microchip's name may not be used to endorse or promote products derived from th
      +                          is
    31                           ;        software without specific prior written permission.
    32                           ; 
    33                           ; THIS SOFTWARE IS PROVIDED BY MICROCHIP "AS IS" AND ANY EXPRESS OR IMPLIED WARRANTIES,
    34                           ; INCLUDING, BUT NOT LIMITED TO, THE IMPLIED WARRANTIES OF MERCHANTABILITY AND FITNESS F
      +                          OR
    35                           ; PURPOSE ARE DISCLAIMED.  IN NO EVENT SHALL MICROCHIP BE LIABLE FOR ANY DIRECT, INDIREC
      +                          T,
    36                           ; INCIDENTAL, SPECIAL, EXEMPLARY, OR CONSEQUENTIAL DAMAGES (INCLUDING BUT NOT LIMITED TO
    37                           ; PROCUREMENT OF SUBSTITUTE GOODS OR SERVICES; LOSS OF USE, DATA OR PROFITS; OR BUSINESS
    38                           ; INTERRUPTION) HOWSOEVER CAUSED AND ON ANY THEORY OF LIABILITY, WHETHER IN CONTRACT, ST
      +                          RICT
    39                           ; LIABILITY, OR TORT (INCLUDING NEGLIGENCE OR OTHERWISE) ARISING IN ANY WAY OUT OF THE U
      +                          SE OF
    40                           ; THIS SOFTWARE, EVEN IF ADVISED OF THE POSSIBILITY OF SUCH DAMAGE.
    41                           ; 
    42                           ; 
    43                           ; Code-generator required, PIC18F4580 Definitions
    44                           ; 
    45                           ; SFR Addresses
    46   000000                     _RC4	set	31764
    47   000000                     _RC3	set	31763
    48   000000                     _RC5	set	31765
    49   000000                     _RC2	set	31762
    50   000000                     _RC1	set	31761
    51   000000                     _TRISC	set	3988
    52   000000                     _RC0	set	31760
    53                           
    54                           ; #config settings
    55                           
    56                           	psect	cinit
    57   000792                     __pcinit:
    58                           	callstack 0
    59   000792                     start_initialization:
    60                           	callstack 0
    61   000792                     __initialization:
    62                           	callstack 0
    63   000792                     end_of_initialization:
    64                           	callstack 0
    65   000792                     __end_of__initialization:
    66                           	callstack 0
    67   000792  0100               	movlb	0
    68   000794  EF01  F003         	goto	_main	;jump to C main() function
    69                           
    70                           	psect	cstackCOMRAM
    71   000001                     __pcstackCOMRAM:
    72                           	callstack 0
    73   000001                     main@count1:
    74                           	callstack 0
    75                           
    76                           ; 2 bytes @ 0x0
    77   000001                     	ds	2
    78   000003                     main@count2:
    79                           	callstack 0
    80                           
    81                           ; 2 bytes @ 0x2
    82   000003                     	ds	2
    83                           
    84 ;;
    85 ;;Main: autosize = 0, tempsize = 0, incstack = 0, save=0
    86 ;;
    87 ;; *************** function _main *****************
    88 ;; Defined at:
    89 ;;		line 15 in file "L293D.c"
    90 ;; Parameters:    Size  Location     Type
    91 ;;		None
    92 ;; Auto vars:     Size  Location     Type
    93 ;;  count2          2    2[COMRAM] int 
    94 ;;  count1          2    0[COMRAM] int 
    95 ;; Return value:  Size  Location     Type
    96 ;;                  1    wreg      void 
    97 ;; Registers used:
    98 ;;		wreg, status,2, status,0
    99 ;; Tracked objects:
   100 ;;		On entry : 0/0
   101 ;;		On exit  : 0/0
   102 ;;		Unchanged: 0/0
   103 ;; Data sizes:     COMRAM   BANK0   BANK1   BANK2   BANK3   BANK4   BANK5
   104 ;;      Params:         0       0       0       0       0       0       0
   105 ;;      Locals:         4       0       0       0       0       0       0
   106 ;;      Temps:          0       0       0       0       0       0       0
   107 ;;      Totals:         4       0       0       0       0       0       0
   108 ;;Total ram usage:        4 bytes
   109 ;; This function calls:
   110 ;;		Nothing
   111 ;; This function is called by:
   112 ;;		Startup code after reset
   113 ;; This function uses a non-reentrant model
   114 ;;
   115                           
   116                           	psect	text0
   117   000602                     __ptext0:
   118                           	callstack 0
   119   000602                     _main:
   120                           	callstack 31
   121   000602                     
   122                           ;L293D.c: 17:     TRISC=0x21;
   123   000602  0E21               	movlw	33
   124   000604  6E94               	movwf	148,c	;volatile
   125                           
   126                           ;L293D.c: 19:     int count1=0,count2=0;
   127   000606  0E00               	movlw	0
   128   000608  6E02               	movwf	(main@count1+1)^0,c
   129   00060A  0E00               	movlw	0
   130   00060C  6E01               	movwf	main@count1^0,c
   131   00060E  0E00               	movlw	0
   132   000610  6E04               	movwf	(main@count2+1)^0,c
   133   000612  0E00               	movlw	0
   134   000614  6E03               	movwf	main@count2^0,c
   135   000616                     l738:
   136                           
   137                           ;L293D.c: 21:     {;L293D.c: 22:         if(RC0==1 && count1==0)
   138   000616  A082               	btfss	3970,0,c	;volatile
   139   000618  EF10  F003         	goto	u21
   140   00061C  EF12  F003         	goto	u20
   141   000620                     u21:
   142   000620  EF2A  F003         	goto	l26
   143   000624                     u20:
   144   000624  5001               	movf	main@count1^0,w,c
   145   000626  1002               	iorwf	(main@count1+1)^0,w,c
   146   000628  A4D8               	btfss	status,2,c
   147   00062A  EF19  F003         	goto	u31
   148   00062E  EF1B  F003         	goto	u30
   149   000632                     u31:
   150   000632  EF2A  F003         	goto	l26
   151   000636                     u30:
   152   000636                     
   153                           ;L293D.c: 23:         {;L293D.c: 24:             RC1=1; RC2=0;
   154   000636  8282               	bsf	3970,1,c	;volatile
   155   000638  9482               	bcf	3970,2,c	;volatile
   156   00063A                     
   157                           ;L293D.c: 25:             count1=1;
   158   00063A  0E00               	movlw	0
   159   00063C  6E02               	movwf	(main@count1+1)^0,c
   160   00063E  0E01               	movlw	1
   161   000640  6E01               	movwf	main@count1^0,c
   162   000642                     l27:
   163   000642  A082               	btfss	3970,0,c	;volatile
   164   000644  EF26  F003         	goto	u41
   165   000648  EF28  F003         	goto	u40
   166   00064C                     u41:
   167   00064C  EF21  F003         	goto	l27
   168   000650                     u40:
   169   000650  EF67  F003         	goto	l30
   170   000654                     l26:
   171   000654  A082               	btfss	3970,0,c	;volatile
   172   000656  EF2F  F003         	goto	u51
   173   00065A  EF31  F003         	goto	u50
   174   00065E                     u51:
   175   00065E  EF49  F003         	goto	l31
   176   000662                     u50:
   177   000662  0401               	decf	main@count1^0,w,c
   178   000664  1002               	iorwf	(main@count1+1)^0,w,c
   179   000666  A4D8               	btfss	status,2,c
   180   000668  EF38  F003         	goto	u61
   181   00066C  EF3A  F003         	goto	u60
   182   000670                     u61:
   183   000670  EF49  F003         	goto	l31
   184   000674                     u60:
   185   000674                     
   186                           ;L293D.c: 29:         {;L293D.c: 30:             RC1=0;RC2=1;
   187   000674  9282               	bcf	3970,1,c	;volatile
   188   000676  8482               	bsf	3970,2,c	;volatile
   189   000678                     
   190                           ;L293D.c: 31:             count1=2;
   191   000678  0E00               	movlw	0
   192   00067A  6E02               	movwf	(main@count1+1)^0,c
   193   00067C  0E02               	movlw	2
   194   00067E  6E01               	movwf	main@count1^0,c
   195   000680                     l32:
   196   000680  A082               	btfss	3970,0,c	;volatile
   197   000682  EF45  F003         	goto	u71
   198   000686  EF47  F003         	goto	u70
   199   00068A                     u71:
   200   00068A  EF40  F003         	goto	l32
   201   00068E                     u70:
   202   00068E  EF67  F003         	goto	l30
   203   000692                     l31:
   204   000692  A082               	btfss	3970,0,c	;volatile
   205   000694  EF4E  F003         	goto	u81
   206   000698  EF50  F003         	goto	u80
   207   00069C                     u81:
   208   00069C  EF67  F003         	goto	l30
   209   0006A0                     u80:
   210   0006A0  0E02               	movlw	2
   211   0006A2  1801               	xorwf	main@count1^0,w,c
   212   0006A4  1002               	iorwf	(main@count1+1)^0,w,c
   213   0006A6  A4D8               	btfss	status,2,c
   214   0006A8  EF58  F003         	goto	u91
   215   0006AC  EF5A  F003         	goto	u90
   216   0006B0                     u91:
   217   0006B0  EF67  F003         	goto	l30
   218   0006B4                     u90:
   219   0006B4                     
   220                           ;L293D.c: 35:         {;L293D.c: 36:             RC1=0;RC2=0;
   221   0006B4  9282               	bcf	3970,1,c	;volatile
   222   0006B6  9482               	bcf	3970,2,c	;volatile
   223   0006B8                     
   224                           ;L293D.c: 37:             count1=0;
   225   0006B8  0E00               	movlw	0
   226   0006BA  6E02               	movwf	(main@count1+1)^0,c
   227   0006BC  0E00               	movlw	0
   228   0006BE  6E01               	movwf	main@count1^0,c
   229   0006C0                     l37:
   230   0006C0  A082               	btfss	3970,0,c	;volatile
   231   0006C2  EF65  F003         	goto	u101
   232   0006C6  EF67  F003         	goto	u100
   233   0006CA                     u101:
   234   0006CA  EF60  F003         	goto	l37
   235   0006CE                     u100:
   236   0006CE                     l30:
   237                           
   238                           ;L293D.c: 40:         if(RC5==1 && count2==0)
   239   0006CE  AA82               	btfss	3970,5,c	;volatile
   240   0006D0  EF6C  F003         	goto	u111
   241   0006D4  EF6E  F003         	goto	u110
   242   0006D8                     u111:
   243   0006D8  EF86  F003         	goto	l40
   244   0006DC                     u110:
   245   0006DC  5003               	movf	main@count2^0,w,c
   246   0006DE  1004               	iorwf	(main@count2+1)^0,w,c
   247   0006E0  A4D8               	btfss	status,2,c
   248   0006E2  EF75  F003         	goto	u121
   249   0006E6  EF77  F003         	goto	u120
   250   0006EA                     u121:
   251   0006EA  EF86  F003         	goto	l40
   252   0006EE                     u120:
   253   0006EE                     
   254                           ;L293D.c: 41:         {;L293D.c: 42:             RC3=1; RC4=0;
   255   0006EE  8682               	bsf	3970,3,c	;volatile
   256   0006F0  9882               	bcf	3970,4,c	;volatile
   257   0006F2                     
   258                           ;L293D.c: 43:             count2=1;
   259   0006F2  0E00               	movlw	0
   260   0006F4  6E04               	movwf	(main@count2+1)^0,c
   261   0006F6  0E01               	movlw	1
   262   0006F8  6E03               	movwf	main@count2^0,c
   263   0006FA                     l41:
   264   0006FA  AA82               	btfss	3970,5,c	;volatile
   265   0006FC  EF82  F003         	goto	u131
   266   000700  EF84  F003         	goto	u130
   267   000704                     u131:
   268   000704  EF7D  F003         	goto	l41
   269   000708                     u130:
   270   000708  EF0B  F003         	goto	l738
   271   00070C                     l40:
   272   00070C  AA82               	btfss	3970,5,c	;volatile
   273   00070E  EF8B  F003         	goto	u141
   274   000712  EF8D  F003         	goto	u140
   275   000716                     u141:
   276   000716  EFA5  F003         	goto	l45
   277   00071A                     u140:
   278   00071A  0403               	decf	main@count2^0,w,c
   279   00071C  1004               	iorwf	(main@count2+1)^0,w,c
   280   00071E  A4D8               	btfss	status,2,c
   281   000720  EF94  F003         	goto	u151
   282   000724  EF96  F003         	goto	u150
   283   000728                     u151:
   284   000728  EFA5  F003         	goto	l45
   285   00072C                     u150:
   286   00072C                     
   287                           ;L293D.c: 47:         {;L293D.c: 48:             RC3=0; RC4=1;
   288   00072C  9682               	bcf	3970,3,c	;volatile
   289   00072E  8882               	bsf	3970,4,c	;volatile
   290   000730                     
   291                           ;L293D.c: 49:             count2=2;
   292   000730  0E00               	movlw	0
   293   000732  6E04               	movwf	(main@count2+1)^0,c
   294   000734  0E02               	movlw	2
   295   000736  6E03               	movwf	main@count2^0,c
   296   000738                     l46:
   297   000738  AA82               	btfss	3970,5,c	;volatile
   298   00073A  EFA1  F003         	goto	u161
   299   00073E  EFA3  F003         	goto	u160
   300   000742                     u161:
   301   000742  EF9C  F003         	goto	l46
   302   000746                     u160:
   303   000746  EF0B  F003         	goto	l738
   304   00074A                     l45:
   305   00074A  AA82               	btfss	3970,5,c	;volatile
   306   00074C  EFAA  F003         	goto	u171
   307   000750  EFAC  F003         	goto	u170
   308   000754                     u171:
   309   000754  EFC5  F003         	goto	l44
   310   000758                     u170:
   311   000758  0E02               	movlw	2
   312   00075A  1803               	xorwf	main@count2^0,w,c
   313   00075C  1004               	iorwf	(main@count2+1)^0,w,c
   314   00075E  A4D8               	btfss	status,2,c
   315   000760  EFB4  F003         	goto	u181
   316   000764  EFB6  F003         	goto	u180
   317   000768                     u181:
   318   000768  EFC5  F003         	goto	l44
   319   00076C                     u180:
   320   00076C                     
   321                           ;L293D.c: 53:         {;L293D.c: 54:             RC3=0; RC4=0;
   322   00076C  9682               	bcf	3970,3,c	;volatile
   323   00076E  9882               	bcf	3970,4,c	;volatile
   324   000770                     
   325                           ;L293D.c: 55:             count2=0;
   326   000770  0E00               	movlw	0
   327   000772  6E04               	movwf	(main@count2+1)^0,c
   328   000774  0E00               	movlw	0
   329   000776  6E03               	movwf	main@count2^0,c
   330   000778                     l51:
   331   000778  AA82               	btfss	3970,5,c	;volatile
   332   00077A  EFC1  F003         	goto	u191
   333   00077E  EFC3  F003         	goto	u190
   334   000782                     u191:
   335   000782  EFBC  F003         	goto	l51
   336   000786                     u190:
   337   000786  EF0B  F003         	goto	l738
   338   00078A                     l44:
   339   00078A  EF0B  F003         	goto	l738
   340   00078E  EF00  F000         	goto	start
   341   000792                     __end_of_main:
   342                           	callstack 0
   343                           
   344                           	psect	smallconst
   345   000600                     __psmallconst:
   346                           	callstack 0
   347   000600  00                 	db	0
   348   000601  00                 	db	0	; dummy byte at the end
   349   000000                     
   350                           	psect	rparam
   351   000000                     tosu	equ	0xFFF
   352                           tosh	equ	0xFFE
   353                           tosl	equ	0xFFD
   354                           stkptr	equ	0xFFC
   355                           pclatu	equ	0xFFB
   356                           pclath	equ	0xFFA
   357                           pcl	equ	0xFF9
   358                           tblptru	equ	0xFF8
   359                           tblptrh	equ	0xFF7
   360                           tblptrl	equ	0xFF6
   361                           tablat	equ	0xFF5
   362                           prodh	equ	0xFF4
   363                           prodl	equ	0xFF3
   364                           indf0	equ	0xFEF
   365                           postinc0	equ	0xFEE
   366                           postdec0	equ	0xFED
   367                           preinc0	equ	0xFEC
   368                           plusw0	equ	0xFEB
   369                           fsr0h	equ	0xFEA
   370                           fsr0l	equ	0xFE9
   371                           wreg	equ	0xFE8
   372                           indf1	equ	0xFE7
   373                           postinc1	equ	0xFE6
   374                           postdec1	equ	0xFE5
   375                           preinc1	equ	0xFE4
   376                           plusw1	equ	0xFE3
   377                           fsr1h	equ	0xFE2
   378                           fsr1l	equ	0xFE1
   379                           bsr	equ	0xFE0
   380                           indf2	equ	0xFDF
   381                           postinc2	equ	0xFDE
   382                           postdec2	equ	0xFDD
   383                           preinc2	equ	0xFDC
   384                           plusw2	equ	0xFDB
   385                           fsr2h	equ	0xFDA
   386                           fsr2l	equ	0xFD9
   387                           status	equ	0xFD8

Data Sizes:
    Strings     0
    Constant    0
    Data        0
    BSS         0
    Persistent  0
    Stack       0

Auto Spaces:
    Space          Size  Autos    Used
    COMRAM           95      4       4
    BANK0           160      0       0
    BANK1           256      0       0
    BANK2           256      0       0
    BANK3           256      0       0
    BANK4           256      0       0
    BANK5           256      0       0

Pointer List with Targets:

    None.

Critical Paths under _main in COMRAM

    None.

Critical Paths under _main in BANK0

    None.

Critical Paths under _main in BANK1

    None.

Critical Paths under _main in BANK2

    None.

Critical Paths under _main in BANK3

    None.

Critical Paths under _main in BANK4

    None.

Critical Paths under _main in BANK5

    None.

Call Graph Tables:

 ---------------------------------------------------------------------------------
 (Depth) Function   	        Calls       Base Space   Used Autos Params    Refs
 ---------------------------------------------------------------------------------
 (0) _main                                                 4     4      0      90
                                              0 COMRAM     4     4      0
 ---------------------------------------------------------------------------------
 Estimated maximum stack depth 0
 ---------------------------------------------------------------------------------

 Call Graph Graphs:

 _main (ROOT)

 Address spaces:
Name               Size   Autos  Total    Cost      Usage
BITCOMRAM           5F      0       0       0        0.0%
EEDATA             100      0       0       0        0.0%
NULL                 0      0       0       0        0.0%
CODE                 0      0       0       0        0.0%
COMRAM              5F      4       4       1        4.2%
STACK                0      0       0       2        0.0%
DATA                 0      0       0       3        0.0%
BITBANK0            A0      0       0       4        0.0%
BANK0               A0      0       0       5        0.0%
BITBANK1           100      0       0       6        0.0%
BANK1              100      0       0       7        0.0%
BITBANK2           100      0       0       8        0.0%
BANK2              100      0       0       9        0.0%
BITBANK3           100      0       0      10        0.0%
BANK3              100      0       0      11        0.0%
BITBANK4           100      0       0      12        0.0%
BANK4              100      0       0      13        0.0%
BITBANK5           100      0       0      14        0.0%
BANK5              100      0       0      15        0.0%
BITBIGSFRh          6B      0       0      16        0.0%
BITBIGSFRlh         11      0       0      17        0.0%
BITBIGSFRll        282      0       0      18        0.0%
ABS                  0      0       0      19        0.0%
BIGRAM             5FF      0       0      20        0.0%
BIGSFR               0      0       0     200        0.0%
BITSFR_3             0      0       0     200        0.0%
SFR_3                0      0       0     200        0.0%
BITSFR_2             0      0       0     200        0.0%
SFR_2                0      0       0     200        0.0%
BITSFR_1             0      0       0     200        0.0%
SFR_1                0      0       0     200        0.0%
BITSFR               0      0       0     200        0.0%
SFR                  0      0       0     200        0.0%


Microchip Technology PIC18 Macro Assembler V2.46 build 20240104201356 
Symbol Table                                                                                   Tue Aug 20 18:09:21 2024

                     l30 06CE                       l31 0692                       l40 070C  
                     l32 0680                       l41 06FA                       l26 0654  
                     l51 0778                       l27 0642                       l44 078A  
                     l45 074A                       l37 06C0                       l46 0738  
                     u20 0624                       u21 0620                       u30 0636  
                     u31 0632                       u40 0650                       u41 064C  
                     u50 0662                       u51 065E                       u60 0674  
                     u61 0670                       u70 068E                       u71 068A  
                     u80 06A0                       u81 069C                       u90 06B4  
                     u91 06B0                      l740 0624                      l750 0678  
                    l742 0636                      l760 06EE                      l752 06A0  
                    l744 063A                      l736 0602                      l770 0758  
                    l762 06F2                      l754 06B4                      l746 0662  
                    l738 0616                      l772 076C                      l764 071A  
                    l756 06B8                      l748 0674                      l774 0770  
                    l766 072C                      l758 06DC                      l768 0730  
                    _RC0 7C10                      _RC1 7C11                      _RC2 7C12  
                    _RC3 7C13                      _RC4 7C14                      _RC5 7C15  
                    u100 06CE                      u101 06CA                      u110 06DC  
                    u111 06D8                      u120 06EE                      u121 06EA  
                    u130 0708                      u131 0704                      u140 071A  
                    u141 0716                      u150 072C                      u151 0728  
                    u160 0746                      u161 0742                      u170 0758  
                    u171 0754                      u180 076C                      u181 0768  
                    u190 0786                      u191 0782                     _main 0602  
                   start 0000             ___param_bank 0000                    ?_main 0001  
                  _TRISC 0F94                    status 0FD8          __initialization 0792  
           __end_of_main 0792                   ??_main 0001            __activetblptr 0000  
                 isa$std 0001             __mediumconst 0000               __accesstop 0060  
__end_of__initialization 0792            ___rparam_used 0001           __pcstackCOMRAM 0001  
                __Hparam 0000                  __Lparam 0000             __psmallconst 0600  
                __pcinit 0792                  __ramtop 0600                  __ptext0 0602  
   end_of_initialization 0792               main@count1 0001               main@count2 0003  
    start_initialization 0792              __smallconst 0600                 __Hrparam 0000  
               __Lrparam 0000                 isa$xinst 0000  
