

Microchip MPLAB XC8 Assembler V2.46 build 20240104201356 
                                                                                                           Fri Aug 02 10:26:27 2024


     1                           	processor	18F4580
     2                           	pagewidth 132
     3                           	psect	const,global,reloc=2,class=CONST,delta=1,noexec
     4                           	psect	smallconst,global,reloc=2,class=SMALLCONST,delta=1,noexec
     5                           	psect	mediumconst,global,reloc=2,class=MEDIUMCONST,delta=1,noexec
     6                           	psect	rbss,global,class=COMRAM,space=1,delta=1,noexec
     7                           	psect	bss,global,class=RAM,space=1,delta=1,noexec
     8                           	psect	rdata,global,class=COMRAM,space=1,delta=1,noexec
     9                           	psect	irdata,global,reloc=2,class=CODE,delta=1,noexec
    10                           	psect	data,global,class=RAM,space=1,delta=1,noexec
    11                           	psect	idata,global,reloc=2,class=CODE,delta=1,noexec
    12                           	psect	nvrram,global,class=COMRAM,space=1,delta=1,noexec
    13                           	psect	nvbit,global,bit,class=COMRAM,space=1,delta=1,noexec
    14                           	psect	temp,global,ovrld,class=COMRAM,space=1,delta=1,noexec
    15                           	psect	struct,global,ovrld,class=COMRAM,space=1,delta=1,noexec
    16                           	psect	rbit,global,bit,class=COMRAM,space=1,delta=1,noexec
    17                           	psect	bigbss,global,class=BIGRAM,space=1,delta=1,noexec
    18                           	psect	bigdata,global,class=BIGRAM,space=1,delta=1,noexec
    19                           	psect	ibigdata,global,reloc=2,class=CODE,delta=1,noexec
    20                           	psect	farbss,global,reloc=2,class=FARRAM,delta=1,noexec
    21                           	psect	nvFARRAM,global,reloc=2,class=FARRAM,delta=1,noexec
    22                           	psect	fardata,global,reloc=2,class=FARRAM,delta=1,noexec
    23                           	psect	ifardata,global,reloc=2,class=CODE,delta=1,noexec
    24                           	psect	reset_vec,global,reloc=2,class=CODE,delta=1
    25                           	psect	powerup,global,reloc=2,class=CODE,delta=1
    26                           	psect	init,global,reloc=2,class=CODE,delta=1
    27                           	psect	text,global,reloc=2,class=CODE,delta=1
    28                           	psect	clrtext,global,reloc=2,class=CODE,delta=1
    29                           	psect	config,global,class=CONFIG,space=4,delta=1,noexec
    30                           	psect	idloc,global,class=IDLOC,space=5,delta=1,noexec
    31                           	psect	intcode,global,reloc=2,class=CODE,delta=1
    32                           	psect	sivt_hi,global,reloc=2,class=CODE,delta=1
    33                           	psect	intcode_body,global,reloc=2,class=CODE,delta=1
    34                           	psect	intcodelo,global,reloc=2,class=CODE,delta=1
    35                           	psect	sivt_lo,global,reloc=2,class=CODE,delta=1
    36                           	psect	intret,global,reloc=2,class=CODE,delta=1
    37                           	psect	intentry,global,reloc=2,class=CODE,delta=1
    38                           	psect	intsave_regs,global,class=BIGRAM,space=1,delta=1
    39                           	psect	eeprom_data,global,class=EEDATA,delta=1,noexec
    40                           	psect	ramtop,global,class=RAM,delta=1,noexec
    41                           	psect	stack,global,class=STACK,space=2,delta=1,noexec
    42                           	psect	heap,global,class=HEAP,space=7,delta=1,noexec
    43                           	psect	comram,global,class=COMRAM,space=1,delta=1
    44                           	psect	abs1,global,class=ABS1,space=1,delta=1
    45                           	psect	bigram,global,class=BIGRAM,space=1,delta=1
    46                           	psect	ram,global,class=RAM,space=1,delta=1
    47                           	psect	bank0,global,class=BANK0,space=1,delta=1
    48                           	psect	bank1,global,class=BANK1,space=1,delta=1
    49                           	psect	bank2,global,class=BANK2,space=1,delta=1
    50                           	psect	bank3,global,class=BANK3,space=1,delta=1
    51                           	psect	bank4,global,class=BANK4,space=1,delta=1
    52                           	psect	bank5,global,class=BANK5,space=1,delta=1
    53                           	psect	sfr,global,class=SFR,space=1,delta=1
    54                           	psect	bigsfr,global,class=BIGSFR,space=1,delta=1
    55                           
    56                           ; Microchip MPLAB XC8 C Compiler V2.46
    57                           ; Copyright (C) 2024 Microchip Technology Inc.
    58                           ; Auto-generated runtime startup code for final link stage.
    59                           ;
    60                           ; Compiler options:
    61                           ;
    62                           ; -q --opt=none --chip=18f4580 \
    63                           ; -Mdist/default/production/LCD_BASIC.X.production.map \
    64                           ; -DXPRJ_default=default -L--defsym=__MPLAB_BUILD=1 \
    65                           ; --dfp=C:/Program Files/Microchip/MPLABX/v6.20/packs/Microchip/PIC18Fxxxx_DFP/1.6.159/xc8 \
    66                           ; --summary=+xml --summarydir=dist/default/production/memoryfile.xml \
    67                           ; -oLCD_BASIC.X.production.elf --objdir=dist/default/production \
    68                           ; --outdir=dist/default/production \
    69                           ; build/default/production/LCD_BASIC.p1 -L--fixupoverflow=error \
    70                           ; --std=c99 --callgraph=none --warn=-3 \
    71                           ; --errformat=%f:%l:%c: error: (%n) %s \
    72                           ; --warnformat=%f:%l:%c: warning: (%n) %s \
    73                           ; --msgformat=%f:%l:%c: advisory: (%n) %s
    74                           ;
    75   000000                     
    76                           ; Generated 17/10/2023 GMT
    77                           ; 
    78                           ; Copyright © 2023, Microchip Technology Inc. and its subsidiaries ("Microchip")
    79                           ; All rights reserved.
    80                           ; 
    81                           ; This software is developed by Microchip Technology Inc. and its subsidiaries ("Microchip").
    82                           ; 
    83                           ; Redistribution and use in source and binary forms, with or without modification, are
    84                           ; permitted provided that the following conditions are met:
    85                           ; 
    86                           ;     1. Redistributions of source code must retain the above copyright notice, this list of
    87                           ;        conditions and the following disclaimer.
    88                           ; 
    89                           ;     2. Redistributions in binary form must reproduce the above copyright notice, this list
    90                           ;        of conditions and the following disclaimer in the documentation and/or other
    91                           ;        materials provided with the distribution. Publication is not required when
    92                           ;        this file is used in an embedded application.
    93                           ; 
    94                           ;     3. Microchip's name may not be used to endorse or promote products derived from this
    95                           ;        software without specific prior written permission.
    96                           ; 
    97                           ; THIS SOFTWARE IS PROVIDED BY MICROCHIP "AS IS" AND ANY EXPRESS OR IMPLIED WARRANTIES,
    98                           ; INCLUDING, BUT NOT LIMITED TO, THE IMPLIED WARRANTIES OF MERCHANTABILITY AND FITNESS FOR
    99                           ; PURPOSE ARE DISCLAIMED.  IN NO EVENT SHALL MICROCHIP BE LIABLE FOR ANY DIRECT, INDIRECT,
   100                           ; INCIDENTAL, SPECIAL, EXEMPLARY, OR CONSEQUENTIAL DAMAGES (INCLUDING BUT NOT LIMITED TO
   101                           ; PROCUREMENT OF SUBSTITUTE GOODS OR SERVICES; LOSS OF USE, DATA OR PROFITS; OR BUSINESS
   102                           ; INTERRUPTION) HOWSOEVER CAUSED AND ON ANY THEORY OF LIABILITY, WHETHER IN CONTRACT, STRICT
   103                           ; LIABILITY, OR TORT (INCLUDING NEGLIGENCE OR OTHERWISE) ARISING IN ANY WAY OUT OF THE USE OF
   104                           ; THIS SOFTWARE, EVEN IF ADVISED OF THE POSSIBILITY OF SUCH DAMAGE.
   105                           ; 
   106                           ; 
   107                           ; Code-generator required, PIC18F4580 Definitions
   108                           ; 
   109                           ; SFR Addresses
   110   000000                     
   111                           	psect	smallconst
   112   000600                     __smallconst:
   113                           	callstack 0
   114                           
   115                           	psect	mediumconst
   116   000000                     __mediumconst:
   117                           	callstack 0	; top of RAM usage
   118                           
   119                           	psect	reset_vec
   120   000000                     
   121                           ; No powerup routine
   122                           ; No interrupt routines
   123   000000                     
   124                           ;Initialize the stack pointer (FSR1)
   125   000000                     
   126                           	psect	init
   127   000000                     start:
   128                           	callstack 0
   129   000000  EF8C  F003         	goto	start_initialization	;jump to C runtime clear & initialization
   130                           
   131                           	psect	text
   132   000000                     intlevel0:
   133                           	callstack 0
   134   000000                     intlevel1:
   135                           	callstack 0
   136   000000                     intlevel2:
   137                           	callstack 0
   138   000000                     intlevel3:
   139                           	callstack 0
   140                           
   141                           	psect	ramtop
   142   000600                     __ramtop:
   143                           	callstack 0
   144                           
   145                           	psect	stack
   146   000000                     ___sp:
   147                           	callstack 0
   148   000000                     ___inthi_sp:
   149                           	callstack 0
   150   000000                     ___intlo_sp:
   151                           	callstack 0
   152   000000                     ___stack_lo:
   153                           	callstack 0
   154   000000                     ___stack_hi:
   155                           	callstack 0
   156   000000                     ___inthi_stack_lo:
   157                           	callstack 0
   158   000000                     ___inthi_stack_hi:
   159                           	callstack 0
   160   000000                     ___intlo_stack_lo:
   161                           	callstack 0
   162   000000                     ___intlo_stack_hi:
   163                           	callstack 0
   164                           
   165                           ; No heap to be allocated
   166                           
   167                           	psect	heap
   168   000000                     tosu	equ	0xFFF
   169                           tosh	equ	0xFFE
   170                           tosl	equ	0xFFD
   171                           stkptr	equ	0xFFC
   172                           pclatu	equ	0xFFB
   173                           pclath	equ	0xFFA
   174                           pcl	equ	0xFF9
   175                           tblptru	equ	0xFF8
   176                           tblptrh	equ	0xFF7
   177                           tblptrl	equ	0xFF6
   178                           tablat	equ	0xFF5
   179                           prodh	equ	0xFF4
   180                           prodl	equ	0xFF3
   181                           indf0	equ	0xFEF
   182                           postinc0	equ	0xFEE
   183                           postdec0	equ	0xFED
   184                           preinc0	equ	0xFEC
   185                           plusw0	equ	0xFEB
   186                           fsr0h	equ	0xFEA
   187                           fsr0l	equ	0xFE9
   188                           wreg	equ	0xFE8
   189                           indf1	equ	0xFE7
   190                           postinc1	equ	0xFE6
   191                           postdec1	equ	0xFE5
   192                           preinc1	equ	0xFE4
   193                           plusw1	equ	0xFE3
   194                           fsr1h	equ	0xFE2
   195                           fsr1l	equ	0xFE1
   196                           bsr	equ	0xFE0
   197                           indf2	equ	0xFDF
   198                           postinc2	equ	0xFDE
   199                           postdec2	equ	0xFDD
   200                           preinc2	equ	0xFDC
   201                           plusw2	equ	0xFDB
   202                           fsr2h	equ	0xFDA
   203                           fsr2l	equ	0xFD9
   204                           status	equ	0xFD8


Microchip Technology PIC18 Macro Assembler V2.46 build 20240104201356 
Symbol Table                                                                                               Fri Aug 02 10:26:27 2024

                __S1 0007                 ___sp 0000                 _main 06F4                 start 0000  
              __HRAM 0000                __LRAM 0001               isa$std 0001     ___inthi_stack_hi 0000  
   ___inthi_stack_lo 0000         __mediumconst 0000               stackhi 0000               stacklo 0000  
         __accesstop 0060           ___inthi_sp 0000           ___intlo_sp 0000           ___stack_hi 0000  
         ___stack_lo 0000     ___intlo_stack_hi 0000     ___intlo_stack_lo 0000              __ramtop 0600  
start_initialization 0718            ___heap_hi 0000            ___heap_lo 0000          __smallconst 0600  
           isa$xinst 0000             intlevel0 0000             intlevel1 0000             intlevel2 0000  
           intlevel3 0000             reset_vec 0000  
