

Microchip MPLAB XC8 Assembler V2.46 build 20240104201356 
                                                                                               Wed Aug 14 10:09:49 2024

Microchip MPLAB XC8 C Compiler v2.46 (Free license) build 20240104201356 Og1 
     1                           	processor	18F4580
     2                           	fnconf	rparam,??,?,0
     3                           	pagewidth 120
     4                           	opt	flic
     5                           	psect	cinit,global,reloc=2,class=CODE,delta=1
     6                           	psect	cstackCOMRAM,global,class=COMRAM,space=1,delta=1,lowdata,noexec
     7                           	psect	text0,global,reloc=2,class=CODE,delta=1
     8                           	psect	smallconst,global,reloc=2,class=SMALLCONST,delta=1,noexec
     9                           	psect	intsave_regs,global,class=BIGRAM,space=1,delta=1,noexec
    10                           	psect	rparam,global,class=COMRAM,space=1,delta=1,noexec
    11   000000                     
    12                           ; Generated 17/10/2023 GMT
    13                           ; 
    14                           ; Copyright © 2023, Microchip Technology Inc. and its subsidiaries ("Microchip")
    15                           ; All rights reserved.
    16                           ; 
    17                           ; This software is developed by Microchip Technology Inc. and its subsidiaries ("Microch
      +                          ip").
    18                           ; 
    19                           ; Redistribution and use in source and binary forms, with or without modification, are
    20                           ; permitted provided that the following conditions are met:
    21                           ; 
    22                           ;     1. Redistributions of source code must retain the above copyright notice, this lis
      +                          t of
    23                           ;        conditions and the following disclaimer.
    24                           ; 
    25                           ;     2. Redistributions in binary form must reproduce the above copyright notice, this 
      +                          list
    26                           ;        of conditions and the following disclaimer in the documentation and/or other
    27                           ;        materials provided with the distribution. Publication is not required when
    28                           ;        this file is used in an embedded application.
    29                           ; 
    30                           ;     3. Microchip's name may not be used to endorse or promote products derived from th
      +                          is
    31                           ;        software without specific prior written permission.
    32                           ; 
    33                           ; THIS SOFTWARE IS PROVIDED BY MICROCHIP "AS IS" AND ANY EXPRESS OR IMPLIED WARRANTIES,
    34                           ; INCLUDING, BUT NOT LIMITED TO, THE IMPLIED WARRANTIES OF MERCHANTABILITY AND FITNESS F
      +                          OR
    35                           ; PURPOSE ARE DISCLAIMED.  IN NO EVENT SHALL MICROCHIP BE LIABLE FOR ANY DIRECT, INDIREC
      +                          T,
    36                           ; INCIDENTAL, SPECIAL, EXEMPLARY, OR CONSEQUENTIAL DAMAGES (INCLUDING BUT NOT LIMITED TO
    37                           ; PROCUREMENT OF SUBSTITUTE GOODS OR SERVICES; LOSS OF USE, DATA OR PROFITS; OR BUSINESS
    38                           ; INTERRUPTION) HOWSOEVER CAUSED AND ON ANY THEORY OF LIABILITY, WHETHER IN CONTRACT, ST
      +                          RICT
    39                           ; LIABILITY, OR TORT (INCLUDING NEGLIGENCE OR OTHERWISE) ARISING IN ANY WAY OUT OF THE U
      +                          SE OF
    40                           ; THIS SOFTWARE, EVEN IF ADVISED OF THE POSSIBILITY OF SUCH DAMAGE.
    41                           ; 
    42                           ; 
    43                           ; Code-generator required, PIC18F4580 Definitions
    44                           ; 
    45                           ; SFR Addresses
    46   000000                     _PORTC	set	3970
    47   000000                     _TRISC	set	3988
    48   000000                     _RCSTA	set	4011
    49   000000                     _TXSTA	set	4012
    50   000000                     _TXIF	set	31988
    51   000000                     _TXREG	set	4013
    52                           
    53                           ; #config settings
    54                           
    55                           	psect	cinit
    56   000628                     __pcinit:
    57                           	callstack 0
    58   000628                     start_initialization:
    59                           	callstack 0
    60   000628                     __initialization:
    61                           	callstack 0
    62   000628                     end_of_initialization:
    63                           	callstack 0
    64   000628                     __end_of__initialization:
    65                           	callstack 0
    66   000628  0100               	movlb	0
    67   00062A  EF01  F003         	goto	_main	;jump to C main() function
    68                           
    69                           	psect	cstackCOMRAM
    70   000000                     __pcstackCOMRAM:
    71                           	callstack 0
    72   000000                     
    73                           ; 1 bytes @ 0x0
    74 ;;
    75 ;;Main: autosize = 0, tempsize = 0, incstack = 0, save=0
    76 ;;
    77 ;; *************** function _main *****************
    78 ;; Defined at:
    79 ;;		line 11 in file "uart.c"
    80 ;; Parameters:    Size  Location     Type
    81 ;;		None
    82 ;; Auto vars:     Size  Location     Type
    83 ;;		None
    84 ;; Return value:  Size  Location     Type
    85 ;;                  1    wreg      void 
    86 ;; Registers used:
    87 ;;		wreg, status,2
    88 ;; Tracked objects:
    89 ;;		On entry : 0/0
    90 ;;		On exit  : 0/0
    91 ;;		Unchanged: 0/0
    92 ;; Data sizes:     COMRAM   BANK0   BANK1   BANK2   BANK3   BANK4   BANK5
    93 ;;      Params:         0       0       0       0       0       0       0
    94 ;;      Locals:         0       0       0       0       0       0       0
    95 ;;      Temps:          0       0       0       0       0       0       0
    96 ;;      Totals:         0       0       0       0       0       0       0
    97 ;;Total ram usage:        0 bytes
    98 ;; This function calls:
    99 ;;		Nothing
   100 ;; This function is called by:
   101 ;;		Startup code after reset
   102 ;; This function uses a non-reentrant model
   103 ;;
   104                           
   105                           	psect	text0
   106   000602                     __ptext0:
   107                           	callstack 0
   108   000602                     _main:
   109                           	callstack 31
   110   000602                     
   111                           ;uart.c: 13:     TRISC=0x00;
   112   000602  0E00               	movlw	0
   113   000604  6E94               	movwf	148,c	;volatile
   114   000606                     
   115                           ;uart.c: 14:     PORTC=0xff;
   116   000606  6882               	setf	130,c	;volatile
   117                           
   118                           ;uart.c: 15:     TXSTA=0X24;
   119   000608  0E24               	movlw	36
   120   00060A  6EAC               	movwf	172,c	;volatile
   121                           
   122                           ;uart.c: 16:     RCSTA=0X90;
   123   00060C  0E90               	movlw	144
   124   00060E  6EAB               	movwf	171,c	;volatile
   125                           
   126                           ;uart.c: 18:     TXREG='A';
   127   000610  0E41               	movlw	65
   128   000612  6EAD               	movwf	173,c	;volatile
   129   000614                     l17:
   130   000614  A89E               	btfss	3998,4,c	;volatile
   131   000616  EF0F  F003         	goto	u11
   132   00061A  EF11  F003         	goto	u10
   133   00061E                     u11:
   134   00061E  EF0A  F003         	goto	l17
   135   000622                     u10:
   136   000622                     
   137                           ;uart.c: 20:     TXIF=0;
   138   000622  989E               	bcf	3998,4,c	;volatile
   139   000624  EF00  F000         	goto	start
   140   000628                     __end_of_main:
   141                           	callstack 0
   142                           
   143                           	psect	smallconst
   144   000600                     __psmallconst:
   145                           	callstack 0
   146   000600  00                 	db	0
   147   000601  00                 	db	0	; dummy byte at the end
   148   000000                     
   149                           	psect	rparam
   150   000000                     tosu	equ	0xFFF
   151                           tosh	equ	0xFFE
   152                           tosl	equ	0xFFD
   153                           stkptr	equ	0xFFC
   154                           pclatu	equ	0xFFB
   155                           pclath	equ	0xFFA
   156                           pcl	equ	0xFF9
   157                           tblptru	equ	0xFF8
   158                           tblptrh	equ	0xFF7
   159                           tblptrl	equ	0xFF6
   160                           tablat	equ	0xFF5
   161                           prodh	equ	0xFF4
   162                           prodl	equ	0xFF3
   163                           indf0	equ	0xFEF
   164                           postinc0	equ	0xFEE
   165                           postdec0	equ	0xFED
   166                           preinc0	equ	0xFEC
   167                           plusw0	equ	0xFEB
   168                           fsr0h	equ	0xFEA
   169                           fsr0l	equ	0xFE9
   170                           wreg	equ	0xFE8
   171                           indf1	equ	0xFE7
   172                           postinc1	equ	0xFE6
   173                           postdec1	equ	0xFE5
   174                           preinc1	equ	0xFE4
   175                           plusw1	equ	0xFE3
   176                           fsr1h	equ	0xFE2
   177                           fsr1l	equ	0xFE1
   178                           bsr	equ	0xFE0
   179                           indf2	equ	0xFDF
   180                           postinc2	equ	0xFDE
   181                           postdec2	equ	0xFDD
   182                           preinc2	equ	0xFDC
   183                           plusw2	equ	0xFDB
   184                           fsr2h	equ	0xFDA
   185                           fsr2l	equ	0xFD9
   186                           status	equ	0xFD8

Data Sizes:
    Strings     0
    Constant    0
    Data        0
    BSS         0
    Persistent  0
    Stack       0

Auto Spaces:
    Space          Size  Autos    Used
    COMRAM           95      0       0
    BANK0           160      0       0
    BANK1           256      0       0
    BANK2           256      0       0
    BANK3           256      0       0
    BANK4           256      0       0
    BANK5           256      0       0

Pointer List with Targets:

    None.

Critical Paths under _main in COMRAM

    None.

Critical Paths under _main in BANK0

    None.

Critical Paths under _main in BANK1

    None.

Critical Paths under _main in BANK2

    None.

Critical Paths under _main in BANK3

    None.

Critical Paths under _main in BANK4

    None.

Critical Paths under _main in BANK5

    None.

Call Graph Tables:

 ---------------------------------------------------------------------------------
 (Depth) Function   	        Calls       Base Space   Used Autos Params    Refs
 ---------------------------------------------------------------------------------
 (0) _main                                                 0     0      0       0
 ---------------------------------------------------------------------------------
 Estimated maximum stack depth 0
 ---------------------------------------------------------------------------------

 Call Graph Graphs:

 _main (ROOT)

 Address spaces:
Name               Size   Autos  Total    Cost      Usage
BITCOMRAM           5F      0       0       0        0.0%
EEDATA             100      0       0       0        0.0%
NULL                 0      0       0       0        0.0%
CODE                 0      0       0       0        0.0%
COMRAM              5F      0       0       1        0.0%
STACK                0      0       0       2        0.0%
DATA                 0      0       0       3        0.0%
BITBANK0            A0      0       0       4        0.0%
BANK0               A0      0       0       5        0.0%
BITBANK1           100      0       0       6        0.0%
BANK1              100      0       0       7        0.0%
BITBANK2           100      0       0       8        0.0%
BANK2              100      0       0       9        0.0%
BITBANK3           100      0       0      10        0.0%
BANK3              100      0       0      11        0.0%
BITBANK4           100      0       0      12        0.0%
BANK4              100      0       0      13        0.0%
BITBANK5           100      0       0      14        0.0%
BANK5              100      0       0      15        0.0%
BITBIGSFRhh         52      0       0      16        0.0%
BITBIGSFRhlh         C      0       0      17        0.0%
BITBIGSFRhll         9      0       0      18        0.0%
BITBIGSFRlh         11      0       0      19        0.0%
BITBIGSFRll        282      0       0      20        0.0%
ABS                  0      0       0      21        0.0%
BIGRAM             5FF      0       0      22        0.0%
BIGSFR               0      0       0     200        0.0%
BITSFR_3             0      0       0     200        0.0%
SFR_3                0      0       0     200        0.0%
BITSFR_2             0      0       0     200        0.0%
SFR_2                0      0       0     200        0.0%
BITSFR_1             0      0       0     200        0.0%
SFR_1                0      0       0     200        0.0%
BITSFR               0      0       0     200        0.0%
SFR                  0      0       0     200        0.0%


Microchip Technology PIC18 Macro Assembler V2.46 build 20240104201356 
Symbol Table                                                                                   Wed Aug 14 10:09:49 2024

                     l20 0624                       l17 0614                       l19 0622  
                     u10 0622                       u11 061E                      l696 0602  
                    l698 0606                     _TXIF 7CF4                     _main 0602  
                   start 0000             ___param_bank 0000                    ?_main 0000  
                  _RCSTA 0FAB                    _PORTC 0F82                    _TRISC 0F94  
                  _TXREG 0FAD                    _TXSTA 0FAC          __initialization 0628  
           __end_of_main 0628                   ??_main 0000            __activetblptr 0000  
                 isa$std 0001             __mediumconst 0000               __accesstop 0060  
__end_of__initialization 0628            ___rparam_used 0001           __pcstackCOMRAM 0000  
                __Hparam 0000                  __Lparam 0000             __psmallconst 0600  
                __pcinit 0628                  __ramtop 0600                  __ptext0 0602  
   end_of_initialization 0628      start_initialization 0628              __smallconst 0600  
               __Hrparam 0000                 __Lrparam 0000                 isa$xinst 0000  
