

Microchip MPLAB XC8 Assembler V2.46 build 20240104201356 
                                                                                               Fri Aug 09 08:56:53 2024

Microchip MPLAB XC8 C Compiler v2.46 (Free license) build 20240104201356 Og1 
     1                           	processor	18F4580
     2                           	fnconf	rparam,??,?,0
     3                           	pagewidth 120
     4                           	opt	flic
     5                           	psect	smallconst,global,reloc=2,class=SMALLCONST,delta=1,noexec
     6                           	psect	cinit,global,reloc=2,class=CODE,delta=1
     7                           	psect	cstackCOMRAM,global,class=COMRAM,space=1,delta=1,lowdata,noexec
     8                           	psect	text0,global,reloc=2,class=CODE,delta=1
     9                           	psect	text1,global,reloc=2,class=CODE,delta=1
    10                           	psect	text2,global,reloc=2,class=CODE,delta=1
    11                           	psect	text3,global,reloc=2,class=CODE,delta=1
    12                           	psect	text4,global,reloc=2,class=CODE,delta=1
    13                           	psect	intsave_regs,global,class=BIGRAM,space=1,delta=1,noexec
    14                           	psect	rparam,global,class=COMRAM,space=1,delta=1,noexec
    15   000000                     
    16                           ; Generated 17/10/2023 GMT
    17                           ; 
    18                           ; Copyright © 2023, Microchip Technology Inc. and its subsidiaries ("Microchip")
    19                           ; All rights reserved.
    20                           ; 
    21                           ; This software is developed by Microchip Technology Inc. and its subsidiaries ("Microch
      +                          ip").
    22                           ; 
    23                           ; Redistribution and use in source and binary forms, with or without modification, are
    24                           ; permitted provided that the following conditions are met:
    25                           ; 
    26                           ;     1. Redistributions of source code must retain the above copyright notice, this lis
      +                          t of
    27                           ;        conditions and the following disclaimer.
    28                           ; 
    29                           ;     2. Redistributions in binary form must reproduce the above copyright notice, this 
      +                          list
    30                           ;        of conditions and the following disclaimer in the documentation and/or other
    31                           ;        materials provided with the distribution. Publication is not required when
    32                           ;        this file is used in an embedded application.
    33                           ; 
    34                           ;     3. Microchip's name may not be used to endorse or promote products derived from th
      +                          is
    35                           ;        software without specific prior written permission.
    36                           ; 
    37                           ; THIS SOFTWARE IS PROVIDED BY MICROCHIP "AS IS" AND ANY EXPRESS OR IMPLIED WARRANTIES,
    38                           ; INCLUDING, BUT NOT LIMITED TO, THE IMPLIED WARRANTIES OF MERCHANTABILITY AND FITNESS F
      +                          OR
    39                           ; PURPOSE ARE DISCLAIMED.  IN NO EVENT SHALL MICROCHIP BE LIABLE FOR ANY DIRECT, INDIREC
      +                          T,
    40                           ; INCIDENTAL, SPECIAL, EXEMPLARY, OR CONSEQUENTIAL DAMAGES (INCLUDING BUT NOT LIMITED TO
    41                           ; PROCUREMENT OF SUBSTITUTE GOODS OR SERVICES; LOSS OF USE, DATA OR PROFITS; OR BUSINESS
    42                           ; INTERRUPTION) HOWSOEVER CAUSED AND ON ANY THEORY OF LIABILITY, WHETHER IN CONTRACT, ST
      +                          RICT
    43                           ; LIABILITY, OR TORT (INCLUDING NEGLIGENCE OR OTHERWISE) ARISING IN ANY WAY OUT OF THE U
      +                          SE OF
    44                           ; THIS SOFTWARE, EVEN IF ADVISED OF THE POSSIBILITY OF SUCH DAMAGE.
    45                           ; 
    46                           ; 
    47                           ; Code-generator required, PIC18F4580 Definitions
    48                           ; 
    49                           ; SFR Addresses
    50   000000                     _PORTC	set	3970
    51   000000                     _RC7	set	31767
    52   000000                     _RC6	set	31766
    53   000000                     _RC5	set	31765
    54   000000                     _RC4	set	31764
    55   000000                     _RC3	set	31763
    56   000000                     _RB7	set	31759
    57   000000                     _RB6	set	31758
    58   000000                     _RB5	set	31757
    59   000000                     _RB4	set	31756
    60   000000                     _RC2	set	31762
    61   000000                     _RC1	set	31761
    62   000000                     _PORTB	set	3969
    63   000000                     _RC0	set	31760
    64   000000                     _TRISB	set	3987
    65   000000                     _ADCON1	set	4033
    66   000000                     _PORTD	set	3971
    67   000000                     _TRISD	set	3989
    68   000000                     _TRISC	set	3988
    69                           
    70                           	psect	smallconst
    71   000600                     __psmallconst:
    72                           	callstack 0
    73   000600  00                 	db	0
    74   000601                     STR_4:
    75   000601  34                 	db	52	;'4'
    76   000602  00                 	db	0
    77   000603                     STR_5:
    78   000603  35                 	db	53	;'5'
    79   000604  00                 	db	0
    80   000605                     STR_6:
    81   000605  36                 	db	54	;'6'
    82   000606  00                 	db	0
    83   000607                     STR_1:
    84   000607  37                 	db	55	;'7'
    85   000608  00                 	db	0
    86   000609                     STR_2:
    87   000609  38                 	db	56	;'8'
    88   00060A  00                 	db	0
    89   00060B                     STR_3:
    90   00060B  39                 	db	57	;'9'
    91   00060C  00                 	db	0
    92   00060D                     STR_10:
    93   00060D  41                 	db	65	;'A'
    94   00060E  00                 	db	0
    95   00060F                     STR_11:
    96   00060F  42                 	db	66	;'B'
    97   000610  00                 	db	0
    98   000611                     STR_12:
    99   000611  43                 	db	67	;'C'
   100   000612  00                 	db	0
   101   000613                     STR_13:
   102   000613  44                 	db	68	;'D'
   103   000614  00                 	db	0
   104   000615                     STR_14:
   105   000615  45                 	db	69	;'E'
   106   000616  00                 	db	0
   107   000617                     STR_15:
   108   000617  46                 	db	70	;'F'
   109   000618  00                 	db	0
   110   000619                     STR_16:
   111   000619  47                 	db	71	;'G'
   112   00061A  00                 	db	0
   113   00061B  00                 	db	0	; dummy byte at the end
   114   000000                     
   115                           ; #config settings
   116                           
   117                           	psect	cinit
   118   0009C6                     __pcinit:
   119                           	callstack 0
   120   0009C6                     start_initialization:
   121                           	callstack 0
   122   0009C6                     __initialization:
   123                           	callstack 0
   124   0009C6                     end_of_initialization:
   125                           	callstack 0
   126   0009C6                     __end_of__initialization:
   127                           	callstack 0
   128   0009C6  0E00               	movlw	low (__Lsmallconst shr (0+16))
   129   0009C8  6EF8               	movwf	tblptru,c
   130   0009CA  0E06               	movlw	high __Lsmallconst
   131   0009CC  6EF7               	movwf	tblptrh,c
   132   0009CE  0100               	movlb	0
   133   0009D0  EF0E  F003         	goto	_main	;jump to C main() function
   134                           
   135                           	psect	cstackCOMRAM
   136   000001                     __pcstackCOMRAM:
   137                           	callstack 0
   138   000001                     delay@j:
   139                           	callstack 0
   140                           
   141                           ; 4 bytes @ 0x0
   142   000001                     	ds	4
   143   000005                     ??_delay:
   144                           
   145                           ; 1 bytes @ 0x4
   146   000005                     	ds	1
   147   000006                     delay@i:
   148                           	callstack 0
   149                           
   150                           ; 4 bytes @ 0x5
   151   000006                     	ds	4
   152   00000A                     start_func@a:
   153                           	callstack 0
   154   00000A                     data@a:
   155                           	callstack 0
   156                           
   157                           ; 1 bytes @ 0x9
   158   00000A                     	ds	1
   159   00000B                     display@p:
   160                           	callstack 0
   161                           
   162                           ; 1 bytes @ 0xA
   163   00000B                     	ds	1
   164   00000C                     
   165                           ; 1 bytes @ 0xB
   166 ;;
   167 ;;Main: autosize = 0, tempsize = 0, incstack = 0, save=0
   168 ;;
   169 ;; *************** function _main *****************
   170 ;; Defined at:
   171 ;;		line 43 in file "MatrixKeypad.c"
   172 ;; Parameters:    Size  Location     Type
   173 ;;		None
   174 ;; Auto vars:     Size  Location     Type
   175 ;;		None
   176 ;; Return value:  Size  Location     Type
   177 ;;                  1    wreg      void 
   178 ;; Registers used:
   179 ;;		wreg, status,2, status,0, tblptrl, tblptrh, tblptru, cstack
   180 ;; Tracked objects:
   181 ;;		On entry : 0/0
   182 ;;		On exit  : 0/0
   183 ;;		Unchanged: 0/0
   184 ;; Data sizes:     COMRAM   BANK0   BANK1   BANK2   BANK3   BANK4   BANK5
   185 ;;      Params:         0       0       0       0       0       0       0
   186 ;;      Locals:         0       0       0       0       0       0       0
   187 ;;      Temps:          0       0       0       0       0       0       0
   188 ;;      Totals:         0       0       0       0       0       0       0
   189 ;;Total ram usage:        0 bytes
   190 ;; Hardware stack levels required when called: 3
   191 ;; This function calls:
   192 ;;		_display
   193 ;;		_start_func
   194 ;; This function is called by:
   195 ;;		Startup code after reset
   196 ;; This function uses a non-reentrant model
   197 ;;
   198                           
   199                           	psect	text0
   200   00061C                     __ptext0:
   201                           	callstack 0
   202   00061C                     _main:
   203                           	callstack 28
   204   00061C                     
   205                           ;MatrixKeypad.c: 45:     ADCON1=0X0F;
   206   00061C  0E0F               	movlw	15
   207   00061E  6EC1               	movwf	193,c	;volatile
   208                           
   209                           ;MatrixKeypad.c: 46:     TRISB=0XF0;
   210   000620  0EF0               	movlw	240
   211   000622  6E93               	movwf	147,c	;volatile
   212                           
   213                           ;MatrixKeypad.c: 47:     TRISC=0X00;
   214   000624  0E00               	movlw	0
   215   000626  6E94               	movwf	148,c	;volatile
   216                           
   217                           ;MatrixKeypad.c: 48:     TRISD=0x00;
   218   000628  0E00               	movlw	0
   219   00062A  6E95               	movwf	149,c	;volatile
   220   00062C                     
   221                           ;MatrixKeypad.c: 49:     PORTC=0xff;
   222   00062C  6882               	setf	130,c	;volatile
   223   00062E                     
   224                           ;MatrixKeypad.c: 50:     start_func(0x01);
   225   00062E  0E01               	movlw	1
   226   000630  EC95  F004         	call	_start_func
   227   000634                     
   228                           ;MatrixKeypad.c: 51:     start_func(0x0f);
   229   000634  0E0F               	movlw	15
   230   000636  EC95  F004         	call	_start_func
   231   00063A                     l61:
   232                           
   233                           ;MatrixKeypad.c: 53:     {;MatrixKeypad.c: 54:         PORTB=0X0E;
   234   00063A  0E0E               	movlw	14
   235   00063C  6E81               	movwf	129,c	;volatile
   236   00063E                     
   237                           ;MatrixKeypad.c: 55:         if(RB4==0)
   238   00063E  B881               	btfsc	3969,4,c	;volatile
   239   000640  EF24  F003         	goto	u371
   240   000644  EF26  F003         	goto	u370
   241   000648                     u371:
   242   000648  EF34  F003         	goto	l62
   243   00064C                     u370:
   244   00064C                     
   245                           ;MatrixKeypad.c: 56:         {;MatrixKeypad.c: 57:             RC0=1;
   246   00064C  8082               	bsf	3970,0,c	;volatile
   247   00064E                     
   248                           ;MatrixKeypad.c: 58:             display("7");
   249   00064E  0E07               	movlw	low STR_1
   250   000650  6E0B               	movwf	display@p^0,c
   251   000652  ECCD  F004         	call	_display	;wreg free
   252   000656                     l63:
   253   000656  A881               	btfss	3969,4,c	;volatile
   254   000658  EF30  F003         	goto	u381
   255   00065C  EF32  F003         	goto	u380
   256   000660                     u381:
   257   000660  EF2B  F003         	goto	l63
   258   000664                     u380:
   259   000664  EF71  F003         	goto	l1000
   260   000668                     l62:
   261   000668  BA81               	btfsc	3969,5,c	;volatile
   262   00066A  EF39  F003         	goto	u391
   263   00066E  EF3B  F003         	goto	u390
   264   000672                     u391:
   265   000672  EF49  F003         	goto	l67
   266   000676                     u390:
   267   000676                     
   268                           ;MatrixKeypad.c: 62:         {;MatrixKeypad.c: 63:             RC1=1;
   269   000676  8282               	bsf	3970,1,c	;volatile
   270   000678                     
   271                           ;MatrixKeypad.c: 64:             display("8");
   272   000678  0E09               	movlw	low STR_2
   273   00067A  6E0B               	movwf	display@p^0,c
   274   00067C  ECCD  F004         	call	_display	;wreg free
   275   000680                     l68:
   276   000680  AA81               	btfss	3969,5,c	;volatile
   277   000682  EF45  F003         	goto	u401
   278   000686  EF47  F003         	goto	u400
   279   00068A                     u401:
   280   00068A  EF40  F003         	goto	l68
   281   00068E                     u400:
   282   00068E  EF71  F003         	goto	l1000
   283   000692                     l67:
   284   000692  BC81               	btfsc	3969,6,c	;volatile
   285   000694  EF4E  F003         	goto	u411
   286   000698  EF50  F003         	goto	u410
   287   00069C                     u411:
   288   00069C  EF5E  F003         	goto	l72
   289   0006A0                     u410:
   290   0006A0                     
   291                           ;MatrixKeypad.c: 68:         {;MatrixKeypad.c: 69:             RC2=1;
   292   0006A0  8482               	bsf	3970,2,c	;volatile
   293   0006A2                     
   294                           ;MatrixKeypad.c: 70:             display("9");
   295   0006A2  0E0B               	movlw	low STR_3
   296   0006A4  6E0B               	movwf	display@p^0,c
   297   0006A6  ECCD  F004         	call	_display	;wreg free
   298   0006AA                     l73:
   299   0006AA  AC81               	btfss	3969,6,c	;volatile
   300   0006AC  EF5A  F003         	goto	u421
   301   0006B0  EF5C  F003         	goto	u420
   302   0006B4                     u421:
   303   0006B4  EF55  F003         	goto	l73
   304   0006B8                     u420:
   305   0006B8  EF71  F003         	goto	l1000
   306   0006BC                     l72:
   307   0006BC  BE81               	btfsc	3969,7,c	;volatile
   308   0006BE  EF63  F003         	goto	u431
   309   0006C2  EF65  F003         	goto	u430
   310   0006C6                     u431:
   311   0006C6  EF71  F003         	goto	l1000
   312   0006CA                     u430:
   313   0006CA                     
   314                           ;MatrixKeypad.c: 74:         {;MatrixKeypad.c: 75:             RC3=1;
   315   0006CA  8682               	bsf	3970,3,c	;volatile
   316   0006CC                     
   317                           ;MatrixKeypad.c: 76:             display("4");
   318   0006CC  0E01               	movlw	low STR_4
   319   0006CE  6E0B               	movwf	display@p^0,c
   320   0006D0  ECCD  F004         	call	_display	;wreg free
   321   0006D4                     l78:
   322   0006D4  AE81               	btfss	3969,7,c	;volatile
   323   0006D6  EF6F  F003         	goto	u441
   324   0006DA  EF71  F003         	goto	u440
   325   0006DE                     u441:
   326   0006DE  EF6A  F003         	goto	l78
   327   0006E2                     u440:
   328   0006E2                     l1000:
   329                           
   330                           ;MatrixKeypad.c: 79:         PORTB=0X0D;
   331   0006E2  0E0D               	movlw	13
   332   0006E4  6E81               	movwf	129,c	;volatile
   333   0006E6                     
   334                           ;MatrixKeypad.c: 80:         if(RB4==0)
   335   0006E6  B881               	btfsc	3969,4,c	;volatile
   336   0006E8  EF78  F003         	goto	u451
   337   0006EC  EF7A  F003         	goto	u450
   338   0006F0                     u451:
   339   0006F0  EF88  F003         	goto	l81
   340   0006F4                     u450:
   341   0006F4                     
   342                           ;MatrixKeypad.c: 81:         {;MatrixKeypad.c: 82:             RC4=1;
   343   0006F4  8882               	bsf	3970,4,c	;volatile
   344   0006F6                     
   345                           ;MatrixKeypad.c: 83:             display("5");
   346   0006F6  0E03               	movlw	low STR_5
   347   0006F8  6E0B               	movwf	display@p^0,c
   348   0006FA  ECCD  F004         	call	_display	;wreg free
   349   0006FE                     l82:
   350   0006FE  A881               	btfss	3969,4,c	;volatile
   351   000700  EF84  F003         	goto	u461
   352   000704  EF86  F003         	goto	u460
   353   000708                     u461:
   354   000708  EF7F  F003         	goto	l82
   355   00070C                     u460:
   356   00070C  EFC5  F003         	goto	l1020
   357   000710                     l81:
   358   000710  BA81               	btfsc	3969,5,c	;volatile
   359   000712  EF8D  F003         	goto	u471
   360   000716  EF8F  F003         	goto	u470
   361   00071A                     u471:
   362   00071A  EF9D  F003         	goto	l86
   363   00071E                     u470:
   364   00071E                     
   365                           ;MatrixKeypad.c: 87:         {;MatrixKeypad.c: 88:             RC5=1;
   366   00071E  8A82               	bsf	3970,5,c	;volatile
   367   000720                     
   368                           ;MatrixKeypad.c: 89:             display("6");
   369   000720  0E05               	movlw	low STR_6
   370   000722  6E0B               	movwf	display@p^0,c
   371   000724  ECCD  F004         	call	_display	;wreg free
   372   000728                     l87:
   373   000728  AA81               	btfss	3969,5,c	;volatile
   374   00072A  EF99  F003         	goto	u481
   375   00072E  EF9B  F003         	goto	u480
   376   000732                     u481:
   377   000732  EF94  F003         	goto	l87
   378   000736                     u480:
   379   000736  EFC5  F003         	goto	l1020
   380   00073A                     l86:
   381   00073A  BC81               	btfsc	3969,6,c	;volatile
   382   00073C  EFA2  F003         	goto	u491
   383   000740  EFA4  F003         	goto	u490
   384   000744                     u491:
   385   000744  EFB2  F003         	goto	l91
   386   000748                     u490:
   387   000748                     
   388                           ;MatrixKeypad.c: 93:         {;MatrixKeypad.c: 94:             RC6=1;
   389   000748  8C82               	bsf	3970,6,c	;volatile
   390   00074A                     
   391                           ;MatrixKeypad.c: 95:             display("7");
   392   00074A  0E07               	movlw	low STR_1
   393   00074C  6E0B               	movwf	display@p^0,c
   394   00074E  ECCD  F004         	call	_display	;wreg free
   395   000752                     l92:
   396   000752  AC81               	btfss	3969,6,c	;volatile
   397   000754  EFAE  F003         	goto	u501
   398   000758  EFB0  F003         	goto	u500
   399   00075C                     u501:
   400   00075C  EFA9  F003         	goto	l92
   401   000760                     u500:
   402   000760  EFC5  F003         	goto	l1020
   403   000764                     l91:
   404   000764  BE81               	btfsc	3969,7,c	;volatile
   405   000766  EFB7  F003         	goto	u511
   406   00076A  EFB9  F003         	goto	u510
   407   00076E                     u511:
   408   00076E  EFC5  F003         	goto	l1020
   409   000772                     u510:
   410   000772                     
   411                           ;MatrixKeypad.c: 99:         {;MatrixKeypad.c: 100:             RC7=1;
   412   000772  8E82               	bsf	3970,7,c	;volatile
   413   000774                     
   414                           ;MatrixKeypad.c: 101:             display("8");
   415   000774  0E09               	movlw	low STR_2
   416   000776  6E0B               	movwf	display@p^0,c
   417   000778  ECCD  F004         	call	_display	;wreg free
   418   00077C                     l97:
   419   00077C  AE81               	btfss	3969,7,c	;volatile
   420   00077E  EFC3  F003         	goto	u521
   421   000782  EFC5  F003         	goto	u520
   422   000786                     u521:
   423   000786  EFBE  F003         	goto	l97
   424   00078A                     u520:
   425   00078A                     l1020:
   426                           
   427                           ;MatrixKeypad.c: 104:         PORTB=0X0B;
   428   00078A  0E0B               	movlw	11
   429   00078C  6E81               	movwf	129,c	;volatile
   430   00078E                     
   431                           ;MatrixKeypad.c: 105:         if(RB4==0)
   432   00078E  B881               	btfsc	3969,4,c	;volatile
   433   000790  EFCC  F003         	goto	u531
   434   000794  EFCE  F003         	goto	u530
   435   000798                     u531:
   436   000798  EFDC  F003         	goto	l100
   437   00079C                     u530:
   438   00079C                     
   439                           ;MatrixKeypad.c: 106:         {;MatrixKeypad.c: 107:             RC0=1;
   440   00079C  8082               	bsf	3970,0,c	;volatile
   441   00079E                     
   442                           ;MatrixKeypad.c: 108:             display("9");
   443   00079E  0E0B               	movlw	low STR_3
   444   0007A0  6E0B               	movwf	display@p^0,c
   445   0007A2  ECCD  F004         	call	_display	;wreg free
   446   0007A6                     l101:
   447   0007A6  A881               	btfss	3969,4,c	;volatile
   448   0007A8  EFD8  F003         	goto	u541
   449   0007AC  EFDA  F003         	goto	u540
   450   0007B0                     u541:
   451   0007B0  EFD3  F003         	goto	l101
   452   0007B4                     u540:
   453   0007B4  EF19  F004         	goto	l1040
   454   0007B8                     l100:
   455   0007B8  BA81               	btfsc	3969,5,c	;volatile
   456   0007BA  EFE1  F003         	goto	u551
   457   0007BE  EFE3  F003         	goto	u550
   458   0007C2                     u551:
   459   0007C2  EFF1  F003         	goto	l105
   460   0007C6                     u550:
   461   0007C6                     
   462                           ;MatrixKeypad.c: 112:         {;MatrixKeypad.c: 113:             RC1=1;
   463   0007C6  8282               	bsf	3970,1,c	;volatile
   464   0007C8                     
   465                           ;MatrixKeypad.c: 114:             display("A");
   466   0007C8  0E0D               	movlw	low STR_10
   467   0007CA  6E0B               	movwf	display@p^0,c
   468   0007CC  ECCD  F004         	call	_display	;wreg free
   469   0007D0                     l106:
   470   0007D0  AA81               	btfss	3969,5,c	;volatile
   471   0007D2  EFED  F003         	goto	u561
   472   0007D6  EFEF  F003         	goto	u560
   473   0007DA                     u561:
   474   0007DA  EFE8  F003         	goto	l106
   475   0007DE                     u560:
   476   0007DE  EF19  F004         	goto	l1040
   477   0007E2                     l105:
   478   0007E2  BC81               	btfsc	3969,6,c	;volatile
   479   0007E4  EFF6  F003         	goto	u571
   480   0007E8  EFF8  F003         	goto	u570
   481   0007EC                     u571:
   482   0007EC  EF06  F004         	goto	l110
   483   0007F0                     u570:
   484   0007F0                     
   485                           ;MatrixKeypad.c: 118:         {;MatrixKeypad.c: 119:             RC2=1;
   486   0007F0  8482               	bsf	3970,2,c	;volatile
   487   0007F2                     
   488                           ;MatrixKeypad.c: 120:             display("B");
   489   0007F2  0E0F               	movlw	low STR_11
   490   0007F4  6E0B               	movwf	display@p^0,c
   491   0007F6  ECCD  F004         	call	_display	;wreg free
   492   0007FA                     l111:
   493   0007FA  AC81               	btfss	3969,6,c	;volatile
   494   0007FC  EF02  F004         	goto	u581
   495   000800  EF04  F004         	goto	u580
   496   000804                     u581:
   497   000804  EFFD  F003         	goto	l111
   498   000808                     u580:
   499   000808  EF19  F004         	goto	l1040
   500   00080C                     l110:
   501   00080C  BE81               	btfsc	3969,7,c	;volatile
   502   00080E  EF0B  F004         	goto	u591
   503   000812  EF0D  F004         	goto	u590
   504   000816                     u591:
   505   000816  EF19  F004         	goto	l1040
   506   00081A                     u590:
   507   00081A                     
   508                           ;MatrixKeypad.c: 124:         {;MatrixKeypad.c: 125:             RC3=1;
   509   00081A  8682               	bsf	3970,3,c	;volatile
   510   00081C                     
   511                           ;MatrixKeypad.c: 126:             display("C");
   512   00081C  0E11               	movlw	low STR_12
   513   00081E  6E0B               	movwf	display@p^0,c
   514   000820  ECCD  F004         	call	_display	;wreg free
   515   000824                     l116:
   516   000824  AE81               	btfss	3969,7,c	;volatile
   517   000826  EF17  F004         	goto	u601
   518   00082A  EF19  F004         	goto	u600
   519   00082E                     u601:
   520   00082E  EF12  F004         	goto	l116
   521   000832                     u600:
   522   000832                     l1040:
   523                           
   524                           ;MatrixKeypad.c: 129:        PORTB=0X07;
   525   000832  0E07               	movlw	7
   526   000834  6E81               	movwf	129,c	;volatile
   527   000836                     
   528                           ;MatrixKeypad.c: 130:        if(RB4==0)
   529   000836  B881               	btfsc	3969,4,c	;volatile
   530   000838  EF20  F004         	goto	u611
   531   00083C  EF22  F004         	goto	u610
   532   000840                     u611:
   533   000840  EF30  F004         	goto	l119
   534   000844                     u610:
   535   000844                     
   536                           ;MatrixKeypad.c: 131:         {;MatrixKeypad.c: 132:             RC4=1;
   537   000844  8882               	bsf	3970,4,c	;volatile
   538   000846                     
   539                           ;MatrixKeypad.c: 133:             display("D");
   540   000846  0E13               	movlw	low STR_13
   541   000848  6E0B               	movwf	display@p^0,c
   542   00084A  ECCD  F004         	call	_display	;wreg free
   543   00084E                     l120:
   544   00084E  A881               	btfss	3969,4,c	;volatile
   545   000850  EF2C  F004         	goto	u621
   546   000854  EF2E  F004         	goto	u620
   547   000858                     u621:
   548   000858  EF27  F004         	goto	l120
   549   00085C                     u620:
   550   00085C  EF1D  F003         	goto	l61
   551   000860                     l119:
   552   000860  BA81               	btfsc	3969,5,c	;volatile
   553   000862  EF35  F004         	goto	u631
   554   000866  EF37  F004         	goto	u630
   555   00086A                     u631:
   556   00086A  EF45  F004         	goto	l124
   557   00086E                     u630:
   558   00086E                     
   559                           ;MatrixKeypad.c: 137:         {;MatrixKeypad.c: 138:             RC5=1;
   560   00086E  8A82               	bsf	3970,5,c	;volatile
   561   000870                     
   562                           ;MatrixKeypad.c: 139:             display("E");
   563   000870  0E15               	movlw	low STR_14
   564   000872  6E0B               	movwf	display@p^0,c
   565   000874  ECCD  F004         	call	_display	;wreg free
   566   000878                     l125:
   567   000878  AA81               	btfss	3969,5,c	;volatile
   568   00087A  EF41  F004         	goto	u641
   569   00087E  EF43  F004         	goto	u640
   570   000882                     u641:
   571   000882  EF3C  F004         	goto	l125
   572   000886                     u640:
   573   000886  EF1D  F003         	goto	l61
   574   00088A                     l124:
   575   00088A  BC81               	btfsc	3969,6,c	;volatile
   576   00088C  EF4A  F004         	goto	u651
   577   000890  EF4C  F004         	goto	u650
   578   000894                     u651:
   579   000894  EF5A  F004         	goto	l129
   580   000898                     u650:
   581   000898                     
   582                           ;MatrixKeypad.c: 143:         {;MatrixKeypad.c: 144:             RC6=1;
   583   000898  8C82               	bsf	3970,6,c	;volatile
   584   00089A                     
   585                           ;MatrixKeypad.c: 145:             display("F");
   586   00089A  0E17               	movlw	low STR_15
   587   00089C  6E0B               	movwf	display@p^0,c
   588   00089E  ECCD  F004         	call	_display	;wreg free
   589   0008A2                     l130:
   590   0008A2  AC81               	btfss	3969,6,c	;volatile
   591   0008A4  EF56  F004         	goto	u661
   592   0008A8  EF58  F004         	goto	u660
   593   0008AC                     u661:
   594   0008AC  EF51  F004         	goto	l130
   595   0008B0                     u660:
   596   0008B0  EF1D  F003         	goto	l61
   597   0008B4                     l129:
   598   0008B4  BE81               	btfsc	3969,7,c	;volatile
   599   0008B6  EF5F  F004         	goto	u671
   600   0008BA  EF61  F004         	goto	u670
   601   0008BE                     u671:
   602   0008BE  EF1D  F003         	goto	l61
   603   0008C2                     u670:
   604   0008C2                     
   605                           ;MatrixKeypad.c: 149:         {;MatrixKeypad.c: 150:             RC7=1;
   606   0008C2  8E82               	bsf	3970,7,c	;volatile
   607   0008C4                     
   608                           ;MatrixKeypad.c: 151:             display("G");
   609   0008C4  0E19               	movlw	low STR_16
   610   0008C6  6E0B               	movwf	display@p^0,c
   611   0008C8  ECCD  F004         	call	_display	;wreg free
   612   0008CC                     l135:
   613   0008CC  AE81               	btfss	3969,7,c	;volatile
   614   0008CE  EF6B  F004         	goto	u681
   615   0008D2  EF6D  F004         	goto	u680
   616   0008D6                     u681:
   617   0008D6  EF66  F004         	goto	l135
   618   0008DA                     u680:
   619   0008DA  EF1D  F003         	goto	l61
   620   0008DE  EF00  F000         	goto	start
   621   0008E2                     __end_of_main:
   622                           	callstack 0
   623                           
   624 ;; *************** function _start_func *****************
   625 ;; Defined at:
   626 ;;		line 14 in file "MatrixKeypad.c"
   627 ;; Parameters:    Size  Location     Type
   628 ;;  a               1    wreg     unsigned char 
   629 ;; Auto vars:     Size  Location     Type
   630 ;;  a               1    9[COMRAM] unsigned char 
   631 ;; Return value:  Size  Location     Type
   632 ;;                  1    wreg      void 
   633 ;; Registers used:
   634 ;;		wreg, status,2, status,0, cstack
   635 ;; Tracked objects:
   636 ;;		On entry : 0/0
   637 ;;		On exit  : 0/0
   638 ;;		Unchanged: 0/0
   639 ;; Data sizes:     COMRAM   BANK0   BANK1   BANK2   BANK3   BANK4   BANK5
   640 ;;      Params:         0       0       0       0       0       0       0
   641 ;;      Locals:         1       0       0       0       0       0       0
   642 ;;      Temps:          0       0       0       0       0       0       0
   643 ;;      Totals:         1       0       0       0       0       0       0
   644 ;;Total ram usage:        1 bytes
   645 ;; Hardware stack levels used: 1
   646 ;; Hardware stack levels required when called: 1
   647 ;; This function calls:
   648 ;;		_delay
   649 ;; This function is called by:
   650 ;;		_main
   651 ;; This function uses a non-reentrant model
   652 ;;
   653                           
   654                           	psect	text1
   655   00092A                     __ptext1:
   656                           	callstack 0
   657   00092A                     _start_func:
   658                           	callstack 29
   659                           
   660                           ;incstack = 0
   661                           ;start_func@a stored from wreg
   662   00092A  6E0A               	movwf	start_func@a^0,c
   663   00092C                     
   664                           ;MatrixKeypad.c: 14: void start_func(unsigned char a);MatrixKeypad.c: 15: {;MatrixKeypad
      +                          .c: 16:     RC0=0;
   665   00092C  9082               	bcf	3970,0,c	;volatile
   666                           
   667                           ;MatrixKeypad.c: 17:     RC1=0;
   668   00092E  9282               	bcf	3970,1,c	;volatile
   669   000930                     
   670                           ;MatrixKeypad.c: 18:     PORTD=a;
   671   000930  C00A  FF83         	movff	start_func@a,3971	;volatile
   672   000934                     
   673                           ;MatrixKeypad.c: 19:     RC2=1;
   674   000934  8482               	bsf	3970,2,c	;volatile
   675   000936                     
   676                           ;MatrixKeypad.c: 20:     delay(100);
   677   000936  0E64               	movlw	100
   678   000938  6E01               	movwf	delay@j^0,c
   679   00093A  0E00               	movlw	0
   680   00093C  6E02               	movwf	(delay@j+1)^0,c
   681   00093E  0E00               	movlw	0
   682   000940  6E03               	movwf	(delay@j+2)^0,c
   683   000942  0E00               	movlw	0
   684   000944  6E04               	movwf	(delay@j+3)^0,c
   685   000946  EC71  F004         	call	_delay	;wreg free
   686   00094A                     
   687                           ;MatrixKeypad.c: 21:     RC2=0;
   688   00094A  9482               	bcf	3970,2,c	;volatile
   689   00094C                     
   690                           ;MatrixKeypad.c: 22:     delay(5000);
   691   00094C  0E88               	movlw	136
   692   00094E  6E01               	movwf	delay@j^0,c
   693   000950  0E13               	movlw	19
   694   000952  6E02               	movwf	(delay@j+1)^0,c
   695   000954  0E00               	movlw	0
   696   000956  6E03               	movwf	(delay@j+2)^0,c
   697   000958  0E00               	movlw	0
   698   00095A  6E04               	movwf	(delay@j+3)^0,c
   699   00095C  EC71  F004         	call	_delay	;wreg free
   700   000960  0012               	return		;funcret
   701   000962                     __end_of_start_func:
   702                           	callstack 0
   703                           
   704 ;; *************** function _display *****************
   705 ;; Defined at:
   706 ;;		line 35 in file "MatrixKeypad.c"
   707 ;; Parameters:    Size  Location     Type
   708 ;;  p               1   10[COMRAM] PTR const unsigned char 
   709 ;;		 -> STR_16(2), STR_15(2), STR_14(2), STR_13(2), 
   710 ;;		 -> STR_12(2), STR_11(2), STR_10(2), STR_9(2), 
   711 ;;		 -> STR_8(2), STR_7(2), STR_6(2), STR_5(2), 
   712 ;;		 -> STR_4(2), STR_3(2), STR_2(2), STR_1(2), 
   713 ;; Auto vars:     Size  Location     Type
   714 ;;		None
   715 ;; Return value:  Size  Location     Type
   716 ;;                  1    wreg      void 
   717 ;; Registers used:
   718 ;;		wreg, status,2, status,0, tblptrl, tblptrh, tblptru, cstack
   719 ;; Tracked objects:
   720 ;;		On entry : 0/0
   721 ;;		On exit  : 0/0
   722 ;;		Unchanged: 0/0
   723 ;; Data sizes:     COMRAM   BANK0   BANK1   BANK2   BANK3   BANK4   BANK5
   724 ;;      Params:         1       0       0       0       0       0       0
   725 ;;      Locals:         0       0       0       0       0       0       0
   726 ;;      Temps:          0       0       0       0       0       0       0
   727 ;;      Totals:         1       0       0       0       0       0       0
   728 ;;Total ram usage:        1 bytes
   729 ;; Hardware stack levels used: 1
   730 ;; Hardware stack levels required when called: 2
   731 ;; This function calls:
   732 ;;		_data
   733 ;; This function is called by:
   734 ;;		_main
   735 ;; This function uses a non-reentrant model
   736 ;;
   737                           
   738                           	psect	text2
   739   00099A                     __ptext2:
   740                           	callstack 0
   741   00099A                     _display:
   742                           	callstack 28
   743   00099A                     
   744                           ;MatrixKeypad.c: 35: void display(const char *p);MatrixKeypad.c: 36: {;MatrixKeypad.c: 3
      +                          7:     while(*p)
   745   00099A  EFD6  F004         	goto	l972
   746   00099E                     l968:
   747                           
   748                           ;MatrixKeypad.c: 38:     {;MatrixKeypad.c: 39:         data(*p);
   749   00099E  C00B  FFF6         	movff	display@p,tblptrl
   750   0009A2                     	if	0	;There is only one active tblptr byte
   751   0009A2                     	endif
   752   0009A2                     	if	0	;tblptru may be non-zero
   753   0009A2                     	endif
   754   0009A2                     	if	0	;tblptru may be non-zero
   755   0009A2                     	endif
   756   0009A2  0008               	tblrd		*
   757   0009A4  50F5               	movf	tablat,w,c
   758   0009A6  ECB1  F004         	call	_data
   759   0009AA                     
   760                           ;MatrixKeypad.c: 40:         p++;
   761   0009AA  2A0B               	incf	display@p^0,f,c
   762   0009AC                     l972:
   763                           
   764                           ;MatrixKeypad.c: 37:     while(*p)
   765   0009AC  C00B  FFF6         	movff	display@p,tblptrl
   766   0009B0                     	if	0	;There is only one active tblptr byte
   767   0009B0                     	endif
   768   0009B0                     	if	0	;tblptru may be non-zero
   769   0009B0                     	endif
   770   0009B0                     	if	0	;tblptru may be non-zero
   771   0009B0                     	endif
   772   0009B0  0008               	tblrd		*
   773   0009B2  50F5               	movf	tablat,w,c
   774   0009B4  0900               	iorlw	0
   775   0009B6  A4D8               	btfss	status,2,c
   776   0009B8  EFE0  F004         	goto	u361
   777   0009BC  EFE2  F004         	goto	u360
   778   0009C0                     u361:
   779   0009C0  EFCF  F004         	goto	l968
   780   0009C4                     u360:
   781   0009C4  0012               	return		;funcret
   782   0009C6                     __end_of_display:
   783                           	callstack 0
   784                           
   785 ;; *************** function _data *****************
   786 ;; Defined at:
   787 ;;		line 24 in file "MatrixKeypad.c"
   788 ;; Parameters:    Size  Location     Type
   789 ;;  a               1    wreg     unsigned char 
   790 ;; Auto vars:     Size  Location     Type
   791 ;;  a               1    9[COMRAM] unsigned char 
   792 ;; Return value:  Size  Location     Type
   793 ;;                  1    wreg      void 
   794 ;; Registers used:
   795 ;;		wreg, status,2, status,0, cstack
   796 ;; Tracked objects:
   797 ;;		On entry : 0/0
   798 ;;		On exit  : 0/0
   799 ;;		Unchanged: 0/0
   800 ;; Data sizes:     COMRAM   BANK0   BANK1   BANK2   BANK3   BANK4   BANK5
   801 ;;      Params:         0       0       0       0       0       0       0
   802 ;;      Locals:         1       0       0       0       0       0       0
   803 ;;      Temps:          0       0       0       0       0       0       0
   804 ;;      Totals:         1       0       0       0       0       0       0
   805 ;;Total ram usage:        1 bytes
   806 ;; Hardware stack levels used: 1
   807 ;; Hardware stack levels required when called: 1
   808 ;; This function calls:
   809 ;;		_delay
   810 ;; This function is called by:
   811 ;;		_display
   812 ;; This function uses a non-reentrant model
   813 ;;
   814                           
   815                           	psect	text3
   816   000962                     __ptext3:
   817                           	callstack 0
   818   000962                     _data:
   819                           	callstack 28
   820                           
   821                           ;incstack = 0
   822                           ;data@a stored from wreg
   823   000962  6E0A               	movwf	data@a^0,c
   824   000964                     
   825                           ;MatrixKeypad.c: 24: void data(unsigned char a);MatrixKeypad.c: 25: {;MatrixKeypad.c: 26
      +                          :     RC0=1;
   826   000964  8082               	bsf	3970,0,c	;volatile
   827                           
   828                           ;MatrixKeypad.c: 27:     RC1=0;
   829   000966  9282               	bcf	3970,1,c	;volatile
   830   000968                     
   831                           ;MatrixKeypad.c: 28:     PORTD=a;
   832   000968  C00A  FF83         	movff	data@a,3971	;volatile
   833   00096C                     
   834                           ;MatrixKeypad.c: 29:     RC2=1;
   835   00096C  8482               	bsf	3970,2,c	;volatile
   836   00096E                     
   837                           ;MatrixKeypad.c: 30:     delay(100);
   838   00096E  0E64               	movlw	100
   839   000970  6E01               	movwf	delay@j^0,c
   840   000972  0E00               	movlw	0
   841   000974  6E02               	movwf	(delay@j+1)^0,c
   842   000976  0E00               	movlw	0
   843   000978  6E03               	movwf	(delay@j+2)^0,c
   844   00097A  0E00               	movlw	0
   845   00097C  6E04               	movwf	(delay@j+3)^0,c
   846   00097E  EC71  F004         	call	_delay	;wreg free
   847   000982                     
   848                           ;MatrixKeypad.c: 32:     RC2=0;
   849   000982  9482               	bcf	3970,2,c	;volatile
   850   000984                     
   851                           ;MatrixKeypad.c: 33:     delay(5000);
   852   000984  0E88               	movlw	136
   853   000986  6E01               	movwf	delay@j^0,c
   854   000988  0E13               	movlw	19
   855   00098A  6E02               	movwf	(delay@j+1)^0,c
   856   00098C  0E00               	movlw	0
   857   00098E  6E03               	movwf	(delay@j+2)^0,c
   858   000990  0E00               	movlw	0
   859   000992  6E04               	movwf	(delay@j+3)^0,c
   860   000994  EC71  F004         	call	_delay	;wreg free
   861   000998  0012               	return		;funcret
   862   00099A                     __end_of_data:
   863                           	callstack 0
   864                           
   865 ;; *************** function _delay *****************
   866 ;; Defined at:
   867 ;;		line 10 in file "MatrixKeypad.c"
   868 ;; Parameters:    Size  Location     Type
   869 ;;  j               4    0[COMRAM] long 
   870 ;; Auto vars:     Size  Location     Type
   871 ;;  i               4    5[COMRAM] long 
   872 ;; Return value:  Size  Location     Type
   873 ;;                  1    wreg      void 
   874 ;; Registers used:
   875 ;;		wreg, status,2, status,0
   876 ;; Tracked objects:
   877 ;;		On entry : 0/0
   878 ;;		On exit  : 0/0
   879 ;;		Unchanged: 0/0
   880 ;; Data sizes:     COMRAM   BANK0   BANK1   BANK2   BANK3   BANK4   BANK5
   881 ;;      Params:         4       0       0       0       0       0       0
   882 ;;      Locals:         4       0       0       0       0       0       0
   883 ;;      Temps:          1       0       0       0       0       0       0
   884 ;;      Totals:         9       0       0       0       0       0       0
   885 ;;Total ram usage:        9 bytes
   886 ;; Hardware stack levels used: 1
   887 ;; This function calls:
   888 ;;		Nothing
   889 ;; This function is called by:
   890 ;;		_start_func
   891 ;;		_data
   892 ;; This function uses a non-reentrant model
   893 ;;
   894                           
   895                           	psect	text4
   896   0008E2                     __ptext4:
   897                           	callstack 0
   898   0008E2                     _delay:
   899                           	callstack 29
   900   0008E2                     
   901                           ;MatrixKeypad.c: 10: void delay(long j);MatrixKeypad.c: 11: {;MatrixKeypad.c: 12:     fo
      +                          r(long i=0;i<=j;i++);
   902   0008E2  0E00               	movlw	0
   903   0008E4  6E06               	movwf	delay@i^0,c
   904   0008E6  0E00               	movlw	0
   905   0008E8  6E07               	movwf	(delay@i+1)^0,c
   906   0008EA  0E00               	movlw	0
   907   0008EC  6E08               	movwf	(delay@i+2)^0,c
   908   0008EE  0E00               	movlw	0
   909   0008F0  6E09               	movwf	(delay@i+3)^0,c
   910   0008F2  EF81  F004         	goto	l41
   911   0008F6                     l940:
   912   0008F6  0E01               	movlw	1
   913   0008F8  2606               	addwf	delay@i^0,f,c
   914   0008FA  0E00               	movlw	0
   915   0008FC  2207               	addwfc	(delay@i+1)^0,f,c
   916   0008FE  2208               	addwfc	(delay@i+2)^0,f,c
   917   000900  2209               	addwfc	(delay@i+3)^0,f,c
   918   000902                     l41:
   919   000902  5006               	movf	delay@i^0,w,c
   920   000904  5C01               	subwf	delay@j^0,w,c
   921   000906  5007               	movf	(delay@i+1)^0,w,c
   922   000908  5802               	subwfb	(delay@j+1)^0,w,c
   923   00090A  5008               	movf	(delay@i+2)^0,w,c
   924   00090C  5803               	subwfb	(delay@j+2)^0,w,c
   925   00090E  5004               	movf	(delay@j+3)^0,w,c
   926   000910  0A80               	xorlw	128
   927   000912  6E05               	movwf	??_delay^0,c
   928   000914  5009               	movf	(delay@i+3)^0,w,c
   929   000916  0A80               	xorlw	128
   930   000918  5805               	subwfb	??_delay^0,w,c
   931   00091A  B0D8               	btfsc	status,0,c
   932   00091C  EF92  F004         	goto	u351
   933   000920  EF94  F004         	goto	u350
   934   000924                     u351:
   935   000924  EF7B  F004         	goto	l940
   936   000928                     u350:
   937   000928  0012               	return		;funcret
   938   00092A                     __end_of_delay:
   939                           	callstack 0
   940                           
   941                           	psect	rparam
   942   000000                     tosu	equ	0xFFF
   943                           tosh	equ	0xFFE
   944                           tosl	equ	0xFFD
   945                           stkptr	equ	0xFFC
   946                           pclatu	equ	0xFFB
   947                           pclath	equ	0xFFA
   948                           pcl	equ	0xFF9
   949                           tblptru	equ	0xFF8
   950                           tblptrh	equ	0xFF7
   951                           tblptrl	equ	0xFF6
   952                           tablat	equ	0xFF5
   953                           prodh	equ	0xFF4
   954                           prodl	equ	0xFF3
   955                           indf0	equ	0xFEF
   956                           postinc0	equ	0xFEE
   957                           postdec0	equ	0xFED
   958                           preinc0	equ	0xFEC
   959                           plusw0	equ	0xFEB
   960                           fsr0h	equ	0xFEA
   961                           fsr0l	equ	0xFE9
   962                           wreg	equ	0xFE8
   963                           indf1	equ	0xFE7
   964                           postinc1	equ	0xFE6
   965                           postdec1	equ	0xFE5
   966                           preinc1	equ	0xFE4
   967                           plusw1	equ	0xFE3
   968                           fsr1h	equ	0xFE2
   969                           fsr1l	equ	0xFE1
   970                           bsr	equ	0xFE0
   971                           indf2	equ	0xFDF
   972                           postinc2	equ	0xFDE
   973                           postdec2	equ	0xFDD
   974                           preinc2	equ	0xFDC
   975                           plusw2	equ	0xFDB
   976                           fsr2h	equ	0xFDA
   977                           fsr2l	equ	0xFD9
   978                           status	equ	0xFD8

Data Sizes:
    Strings     26
    Constant    0
    Data        0
    BSS         0
    Persistent  0
    Stack       0

Auto Spaces:
    Space          Size  Autos    Used
    COMRAM           95     11      11
    BANK0           160      0       0
    BANK1           256      0       0
    BANK2           256      0       0
    BANK3           256      0       0
    BANK4           256      0       0
    BANK5           256      0       0

Pointer List with Targets:

    display@p	PTR const unsigned char  size(1) Largest target is 2
		 -> STR_1(CODE[2]), STR_10(CODE[2]), STR_11(CODE[2]), STR_12(CODE[2]), 
		 -> STR_13(CODE[2]), STR_14(CODE[2]), STR_15(CODE[2]), STR_16(CODE[2]), 
		 -> STR_2(CODE[2]), STR_3(CODE[2]), STR_4(CODE[2]), STR_5(CODE[2]), 
		 -> STR_6(CODE[2]), STR_7(CODE[2]), STR_8(CODE[2]), STR_9(CODE[2]), 


Critical Paths under _main in COMRAM

    _main->_display
    _start_func->_delay
    _display->_data
    _data->_delay

Critical Paths under _main in BANK0

    None.

Critical Paths under _main in BANK1

    None.

Critical Paths under _main in BANK2

    None.

Critical Paths under _main in BANK3

    None.

Critical Paths under _main in BANK4

    None.

Critical Paths under _main in BANK5

    None.

Call Graph Tables:

 ---------------------------------------------------------------------------------
 (Depth) Function   	        Calls       Base Space   Used Autos Params    Refs
 ---------------------------------------------------------------------------------
 (0) _main                                                 0     0      0    2005
                            _display
                         _start_func
 ---------------------------------------------------------------------------------
 (1) _start_func                                           1     1      0     372
                                              9 COMRAM     1     1      0
                              _delay
 ---------------------------------------------------------------------------------
 (1) _display                                              1     0      1    1633
                                             10 COMRAM     1     0      1
                               _data
 ---------------------------------------------------------------------------------
 (2) _data                                                 1     1      0     372
                                              9 COMRAM     1     1      0
                              _delay
 ---------------------------------------------------------------------------------
 (2) _delay                                                9     5      4     350
                                              0 COMRAM     9     5      4
 ---------------------------------------------------------------------------------
 Estimated maximum stack depth 2
 ---------------------------------------------------------------------------------

 Call Graph Graphs:

 _main (ROOT)
   _display
     _data
       _delay
   _start_func
     _delay

 Address spaces:
Name               Size   Autos  Total    Cost      Usage
BITCOMRAM           5F      0       0       0        0.0%
EEDATA             100      0       0       0        0.0%
NULL                 0      0       0       0        0.0%
CODE                 0      0       0       0        0.0%
COMRAM              5F      B       B       1       11.6%
STACK                0      0       0       2        0.0%
DATA                 0      0       0       3        0.0%
BITBANK0            A0      0       0       4        0.0%
BANK0               A0      0       0       5        0.0%
BITBANK1           100      0       0       6        0.0%
BANK1              100      0       0       7        0.0%
BITBANK2           100      0       0       8        0.0%
BANK2              100      0       0       9        0.0%
BITBANK3           100      0       0      10        0.0%
BANK3              100      0       0      11        0.0%
BITBANK4           100      0       0      12        0.0%
BANK4              100      0       0      13        0.0%
BITBANK5           100      0       0      14        0.0%
BANK5              100      0       0      15        0.0%
BITBIGSFRhh         3E      0       0      16        0.0%
BITBIGSFRhlh        2B      0       0      17        0.0%
BITBIGSFRhll         F      0       0      18        0.0%
BITBIGSFRl         281      0       0      19        0.0%
ABS                  0      0       0      20        0.0%
BIGRAM             5FF      0       0      21        0.0%
BIGSFR               0      0       0     200        0.0%
BITSFR_3             0      0       0     200        0.0%
SFR_3                0      0       0     200        0.0%
BITSFR_2             0      0       0     200        0.0%
SFR_2                0      0       0     200        0.0%
BITSFR_1             0      0       0     200        0.0%
SFR_1                0      0       0     200        0.0%
BITSFR               0      0       0     200        0.0%
SFR                  0      0       0     200        0.0%


Microchip Technology PIC18 Macro Assembler V2.46 build 20240104201356 
Symbol Table                                                                                   Fri Aug 09 08:56:53 2024

                     l41 0902                       l50 0998                       l44 0928  
                     l61 063A                       l62 0668                       l47 0960  
                     l63 0656                       l56 09C4                       l72 06BC  
                     l81 0710                       l73 06AA                       l82 06FE  
                     l91 0764                       l67 0692                       l92 0752  
                     l68 0680                       l86 073A                       l78 06D4  
                     l87 0728                       l97 077C                      l100 07B8  
                    l101 07A6                      l110 080C                      l111 07FA  
                    l120 084E                      l105 07E2                      l130 08A2  
                    l106 07D0                      l124 088A                      l116 0824  
                    l125 0878                      l135 08CC                      l119 0860  
                    l129 08B4                      l940 08F6                      l950 0982  
                    l942 0964                      l952 0984                      l944 0968  
                    l960 0936                      l938 08E2                      l946 096C  
                    l970 09AA                      l962 094A                      l954 092C  
                    l948 096E                      l972 09AC                      l964 094C  
                    l956 0930                      l980 0634                      l966 099A  
                    l958 0934                      l990 0678                      l982 063E  
                    l974 061C                      l968 099E                      l992 06A0  
                    l984 064C                      l976 062C                      l994 06A2  
                    l986 064E                      l978 062E                      l996 06CA  
                    l988 0676                      l998 06CC                      _RC0 7C10  
                    _RC1 7C11                      _RC2 7C12                      _RB4 7C0C  
                    _RB5 7C0D                      _RC3 7C13                      _RB6 7C0E  
                    _RC4 7C14                      _RB7 7C0F                      _RC5 7C15  
                    _RC6 7C16                      _RC7 7C17                      u400 068E  
                    u401 068A                      u410 06A0                      u411 069C  
                    u500 0760                      u420 06B8                      u501 075C  
                    u421 06B4                      u350 0928                      u510 0772  
                    u430 06CA                      u351 0924                      u511 076E  
                    u431 06C6                      u360 09C4                      u600 0832  
                    u520 078A                      u440 06E2                      u361 09C0  
                    u601 082E                      u521 0786                      u441 06DE  
                    u610 0844                      u530 079C                      u450 06F4  
                    u370 064C                      u611 0840                      u531 0798  
                    u451 06F0                      u371 0648                      u620 085C  
                    u540 07B4                      u460 070C                      u380 0664  
                    u621 0858                      u541 07B0                      u461 0708  
                    u381 0660                      u630 086E                      u550 07C6  
                    u470 071E                      u390 0676                      u631 086A  
                    u551 07C2                      u471 071A                      u391 0672  
                    u640 0886                      u560 07DE                      u480 0736  
                    u641 0882                      u561 07DA                      u481 0732  
                    u650 0898                      u570 07F0                      u490 0748  
                    u651 0894                      u571 07EC                      u491 0744  
                    u660 08B0                      u580 0808                      u661 08AC  
                    u581 0804                      u670 08C2                      u590 081A  
                    u671 08BE                      u591 0816                      u680 08DA  
                    u681 08D6                     l1000 06E2                     l1010 0720  
                   l1002 06E6                     l1012 0748                     l1020 078A  
                   l1004 06F4                     l1030 07C8                     l1022 078E  
                   l1014 074A                     l1006 06F6                     l1032 07F0  
                   l1040 0832                     l1024 079C                     l1016 0772  
                   l1008 071E                     l1050 0870                     l1042 0836  
                   l1034 07F2                     l1026 079E                     l1018 0774  
                   l1052 0898                     l1044 0844                     l1036 081A  
                   l1028 07C6                     l1054 089A                     l1046 0846  
                   l1038 081C                     l1056 08C2                     l1048 086E  
                   l1058 08C4                     STR_1 0607                     STR_2 0609  
                   STR_3 060B                     STR_4 0601                     STR_5 0603  
                   STR_6 0605                     STR_7 0607                     STR_8 0609  
                   STR_9 060B                     _data 0962                     _main 061C  
                   start 0000             ___param_bank 0000                    ?_data 0001  
                  ?_main 0001                    STR_10 060D                    STR_11 060F  
                  STR_12 0611                    STR_13 0613                    STR_14 0615  
                  STR_15 0617                    STR_16 0619                    _PORTB 0F81  
                  _PORTC 0F82                    _PORTD 0F83                    _TRISB 0F93  
                  _TRISC 0F94                    _TRISD 0F95          __end_of_display 09C6  
                  _delay 08E2                    data@a 000A                    tablat 0FF5  
                  status 0FD8          __initialization 09C6             __end_of_data 099A  
           __end_of_main 08E2                   ??_data 000A                   ??_main 000C  
          __activetblptr 0001                   ?_delay 0001                   _ADCON1 0FC1  
                 delay@i 0006                   delay@j 0001                   isa$std 0001  
              ??_display 000C             __mediumconst 0000                   tblptrh 0FF7  
                 tblptrl 0FF6                   tblptru 0FF8               __accesstop 0060  
__end_of__initialization 09C6            ___rparam_used 0001           __pcstackCOMRAM 0001  
          __end_of_delay 092A                  ??_delay 0005                  __Hparam 0000  
                __Lparam 0000             __psmallconst 0600                  __pcinit 09C6  
                __ramtop 0600                  __ptext0 061C                  __ptext1 092A  
                __ptext2 099A                  __ptext3 0962                  __ptext4 08E2  
                _display 099A     end_of_initialization 09C6               _start_func 092A  
    start_initialization 09C6              start_func@a 000A              ?_start_func 0001  
               ?_display 000B              __smallconst 0600                 __Hrparam 0000  
               __Lrparam 0000             __Lsmallconst 0600                 isa$xinst 0000  
               display@p 000B             ??_start_func 000A       __end_of_start_func 0962  
